#
# There is insufficient memory for the Java Runtime Environment to continue.
# Native memory allocation (malloc) failed to allocate 340928 bytes for Chunk::new
# Possible reasons:
#   The system is out of physical RAM or swap space
#   The process is running with CompressedOops enabled, and the Java Heap may be blocking the growth of the native heap
# Possible solutions:
#   Reduce memory load on the system
#   Increase physical memory or swap space
#   Check if swap backing store is full
#   Decrease Java heap size (-Xmx/-Xms)
#   Decrease number of Java threads
#   Decrease Java thread stack sizes (-Xss)
#   Set larger code cache with -XX:ReservedCodeCacheSize=
#   JVM is running with Unscaled Compressed Oops mode in which the Java heap is
#     placed in the first 4GB address space. The Java Heap base address is the
#     maximum limit for the native heap growth. Please use -XX:HeapBaseMinAddress
#     to set the Java Heap base and to place the Java Heap above 4GB virtual address.
# This output file may be truncated or incomplete.
#
#  Out of Memory Error (arena.cpp:184), pid=16772, tid=14876
#
# JRE version: Java(TM) SE Runtime Environment (18.0.2.1+1) (build 18.0.2.1+1-1)
# Java VM: Java HotSpot(TM) 64-Bit Server VM (18.0.2.1+1-1, mixed mode, sharing, tiered, compressed oops, compressed class ptrs, g1 gc, windows-amd64)
# No core dump will be written. Minidumps are not enabled by default on client versions of Windows
#

---------------  S U M M A R Y ------------

Command Line: -javaagent:C:\Program Files\JetBrains\IntelliJ IDEA Community Edition 2022.2.1\lib\idea_rt.jar=55233:C:\Program Files\JetBrains\IntelliJ IDEA Community Edition 2022.2.1\bin -Dfile.encoding=UTF-8 -Dsun.stdout.encoding=UTF-8 -Dsun.stderr.encoding=UTF-8 com.stockMarketApi.StockMarketAplApplication

Host: Intel(R) Core(TM) i3-8145U CPU @ 2.10GHz, 4 cores, 3G,  Windows 10 , 64 bit Build 19041 (10.0.19041.1889)
Time: Thu Oct 20 22:44:39 2022 India Standard Time elapsed time: 153.562114 seconds (0d 0h 2m 33s)

---------------  T H R E A D  ---------------

Current thread (0x0000011e38278f40):  JavaThread "C2 CompilerThread0" daemon [_thread_in_native, id=14876, stack(0x0000001a7b300000,0x0000001a7b400000)]


Current CompileTask:
C2: 153563 7658       4       org.apache.kafka.clients.consumer.internals.ConsumerNetworkClient::trySend (144 bytes)

Stack: [0x0000001a7b300000,0x0000001a7b400000]
Native frames: (J=compiled Java code, j=interpreted, Vv=VM code, C=native code)
V  [jvm.dll+0x6993aa]
V  [jvm.dll+0x7f46dd]
V  [jvm.dll+0x7f5fee]
V  [jvm.dll+0x7f66a3]
V  [jvm.dll+0x25cf1f]
V  [jvm.dll+0xb8c2f]
V  [jvm.dll+0xb8fa5]
V  [jvm.dll+0x3860cb]
V  [jvm.dll+0x34fe71]
V  [jvm.dll+0x34f30a]
V  [jvm.dll+0x230101]
V  [jvm.dll+0x22f4d1]
V  [jvm.dll+0x1ba01c]
V  [jvm.dll+0x23ee0a]
V  [jvm.dll+0x23d0f5]
V  [jvm.dll+0x7a6dd1]
V  [jvm.dll+0x7a120a]
V  [jvm.dll+0x698255]
C  [ucrtbase.dll+0x21bb2]
C  [KERNEL32.DLL+0x17034]
C  [ntdll.dll+0x526a1]


---------------  P R O C E S S  ---------------

Threads class SMR info:
_java_thread_list=0x0000011e5a380af0, length=36, elements={
0x0000011e38259040, 0x0000011e3825a990, 0x0000011e38270710, 0x0000011e382720d0,
0x0000011e38273210, 0x0000011e38274490, 0x0000011e38278f40, 0x0000011e3827cdc0,
0x0000011e3827de90, 0x0000011e533e1de0, 0x0000011e57bfb8d0, 0x0000011e57bfbd90,
0x0000011e58c44f10, 0x0000011e58af4a00, 0x0000011e579ba750, 0x0000011e58bf2080,
0x0000011e589c7290, 0x0000011e57eb53b0, 0x0000011e5a015080, 0x0000011e5a011b90,
0x0000011e5a0163c0, 0x0000011e5a015550, 0x0000011e5a017230, 0x0000011e5a012060,
0x0000011e5a010d20, 0x0000011e5a015ef0, 0x0000011e5a014bb0, 0x0000011e5a0133a0,
0x0000011e5a017bd0, 0x0000011e5a015a20, 0x0000011e5a0180a0, 0x0000011e5a012530,
0x0000011e5a016890, 0x0000011e5a012ed0, 0x0000011e5a010850, 0x0000011e5a0111f0
}

Java Threads: ( => current thread )
  0x0000011e38259040 JavaThread "Reference Handler" daemon [_thread_blocked, id=14632, stack(0x0000001a7ad00000,0x0000001a7ae00000)]
  0x0000011e3825a990 JavaThread "Finalizer" daemon [_thread_blocked, id=7196, stack(0x0000001a7ae00000,0x0000001a7af00000)]
  0x0000011e38270710 JavaThread "Signal Dispatcher" daemon [_thread_blocked, id=16272, stack(0x0000001a7af00000,0x0000001a7b000000)]
  0x0000011e382720d0 JavaThread "Attach Listener" daemon [_thread_blocked, id=3068, stack(0x0000001a7b000000,0x0000001a7b100000)]
  0x0000011e38273210 JavaThread "Service Thread" daemon [_thread_blocked, id=620, stack(0x0000001a7b100000,0x0000001a7b200000)]
  0x0000011e38274490 JavaThread "Monitor Deflation Thread" daemon [_thread_blocked, id=14780, stack(0x0000001a7b200000,0x0000001a7b300000)]
=>0x0000011e38278f40 JavaThread "C2 CompilerThread0" daemon [_thread_in_native, id=14876, stack(0x0000001a7b300000,0x0000001a7b400000)]
  0x0000011e3827cdc0 JavaThread "C1 CompilerThread0" daemon [_thread_blocked, id=11504, stack(0x0000001a7b400000,0x0000001a7b500000)]
  0x0000011e3827de90 JavaThread "Sweeper thread" daemon [_thread_blocked, id=2824, stack(0x0000001a7b500000,0x0000001a7b600000)]
  0x0000011e533e1de0 JavaThread "Common-Cleaner" daemon [_thread_blocked, id=9340, stack(0x0000001a7b600000,0x0000001a7b700000)]
  0x0000011e57bfb8d0 JavaThread "Monitor Ctrl-Break" daemon [_thread_in_native, id=9540, stack(0x0000001a7b700000,0x0000001a7b800000)]
  0x0000011e57bfbd90 JavaThread "Notification Thread" daemon [_thread_blocked, id=5576, stack(0x0000001a7b800000,0x0000001a7b900000)]
  0x0000011e58c44f10 JavaThread "mysql-cj-abandoned-connection-cleanup" daemon [_thread_blocked, id=12572, stack(0x0000001a7be00000,0x0000001a7bf00000)]
  0x0000011e58af4a00 JavaThread "HikariPool-1 housekeeper" daemon [_thread_blocked, id=11724, stack(0x0000001a7c000000,0x0000001a7c100000)]
  0x0000011e579ba750 JavaThread "Catalina-utility-1" [_thread_blocked, id=14000, stack(0x0000001a7c100000,0x0000001a7c200000)]
  0x0000011e58bf2080 JavaThread "Catalina-utility-2" [_thread_blocked, id=14708, stack(0x0000001a7c200000,0x0000001a7c300000)]
  0x0000011e589c7290 JavaThread "container-0" [_thread_blocked, id=9308, stack(0x0000001a7c300000,0x0000001a7c400000)]
  0x0000011e57eb53b0 JavaThread "ThreadPoolTaskScheduler-1" [_thread_blocked, id=16072, stack(0x0000001a7c600000,0x0000001a7c700000)]
  0x0000011e5a015080 JavaThread "org.springframework.kafka.KafkaListenerEndpointContainer#0-0-C-1" [_thread_in_native, id=10268, stack(0x0000001a7c700000,0x0000001a7c800000)]
  0x0000011e5a011b90 JavaThread "ThreadPoolTaskScheduler-1" [_thread_blocked, id=4764, stack(0x0000001a7c800000,0x0000001a7c900000)]
  0x0000011e5a0163c0 JavaThread "org.springframework.kafka.KafkaListenerEndpointContainer#1-0-C-1" [_thread_in_native, id=13632, stack(0x0000001a7c900000,0x0000001a7ca00000)]
  0x0000011e5a015550 JavaThread "http-nio-8087-exec-1" daemon [_thread_blocked, id=13392, stack(0x0000001a7ca00000,0x0000001a7cb00000)]
  0x0000011e5a017230 JavaThread "http-nio-8087-exec-2" daemon [_thread_blocked, id=1684, stack(0x0000001a7cb00000,0x0000001a7cc00000)]
  0x0000011e5a012060 JavaThread "http-nio-8087-exec-3" daemon [_thread_blocked, id=4532, stack(0x0000001a7cc00000,0x0000001a7cd00000)]
  0x0000011e5a010d20 JavaThread "http-nio-8087-exec-4" daemon [_thread_blocked, id=2748, stack(0x0000001a7cd00000,0x0000001a7ce00000)]
  0x0000011e5a015ef0 JavaThread "http-nio-8087-exec-5" daemon [_thread_blocked, id=13444, stack(0x0000001a7ce00000,0x0000001a7cf00000)]
  0x0000011e5a014bb0 JavaThread "http-nio-8087-exec-6" daemon [_thread_blocked, id=12016, stack(0x0000001a7cf00000,0x0000001a7d000000)]
  0x0000011e5a0133a0 JavaThread "http-nio-8087-exec-7" daemon [_thread_blocked, id=2304, stack(0x0000001a7d000000,0x0000001a7d100000)]
  0x0000011e5a017bd0 JavaThread "http-nio-8087-exec-8" daemon [_thread_blocked, id=17280, stack(0x0000001a7d100000,0x0000001a7d200000)]
  0x0000011e5a015a20 JavaThread "http-nio-8087-exec-9" daemon [_thread_blocked, id=16624, stack(0x0000001a7d200000,0x0000001a7d300000)]
  0x0000011e5a0180a0 JavaThread "http-nio-8087-exec-10" daemon [_thread_blocked, id=4400, stack(0x0000001a7d300000,0x0000001a7d400000)]
  0x0000011e5a012530 JavaThread "http-nio-8087-Poller" daemon [_thread_in_native, id=12916, stack(0x0000001a7d400000,0x0000001a7d500000)]
  0x0000011e5a016890 JavaThread "http-nio-8087-Acceptor" daemon [_thread_in_native, id=8004, stack(0x0000001a7d500000,0x0000001a7d600000)]
  0x0000011e5a012ed0 JavaThread "DestroyJavaVM" [_thread_blocked, id=7660, stack(0x0000001a7a600000,0x0000001a7a700000)]
  0x0000011e5a010850 JavaThread "kafka-coordinator-heartbeat-thread | myTopic-group-id" daemon [_thread_blocked, id=16300, stack(0x0000001a7a300000,0x0000001a7a400000)]
  0x0000011e5a0111f0 JavaThread "kafka-coordinator-heartbeat-thread | myTopic-group-id" daemon [_thread_blocked, id=13608, stack(0x0000001a7a400000,0x0000001a7a500000)]

Other Threads:
  0x0000011e3820ed90 VMThread "VM Thread" [stack: 0x0000001a7ac00000,0x0000001a7ad00000] [id=16704]
  0x0000011e57bfea70 WatcherThread "VM Periodic Task Thread" [stack: 0x0000001a7b900000,0x0000001a7ba00000] [id=13688]
  0x0000011e381fe160 WorkerThread "GC Thread#0" [stack: 0x0000001a7a700000,0x0000001a7a800000] [id=896]
  0x0000011e57e11ee0 WorkerThread "GC Thread#1" [stack: 0x0000001a7ba00000,0x0000001a7bb00000] [id=11076]
  0x0000011e57e34500 WorkerThread "GC Thread#2" [stack: 0x0000001a7bb00000,0x0000001a7bc00000] [id=11840]
  0x0000011e57ecdfa0 WorkerThread "GC Thread#3" [stack: 0x0000001a7bc00000,0x0000001a7bd00000] [id=16420]
  0x0000011e38206910 ConcurrentGCThread "G1 Main Marker" [stack: 0x0000001a7a800000,0x0000001a7a900000] [id=16360]
  0x0000011e38207300 WorkerThread "G1 Conc#0" [stack: 0x0000001a7a900000,0x0000001a7aa00000] [id=12532]
  0x0000011e38232150 ConcurrentGCThread "G1 Refine#0" [stack: 0x0000001a7aa00000,0x0000001a7ab00000] [id=16916]
  0x0000011e57ecb810 ConcurrentGCThread "G1 Refine#1" [stack: 0x0000001a7bd00000,0x0000001a7be00000] [id=14772]
  0x0000011e38232a60 ConcurrentGCThread "G1 Service" [stack: 0x0000001a7ab00000,0x0000001a7ac00000] [id=3092]

Threads with active compile tasks:
C2 CompilerThread0   153635 7658       4       org.apache.kafka.clients.consumer.internals.ConsumerNetworkClient::trySend (144 bytes)

VM state: not at safepoint (normal execution)

VM Mutex/Monitor currently owned by a thread: None

Heap address: 0x00000000c3c00000, size: 964 MB, Compressed Oops mode: 32-bit

CDS archive(s) mapped at: [0x0000000800000000-0x0000000800ba0000-0x0000000800ba0000), size 12189696, SharedBaseAddress: 0x0000000800000000, ArchiveRelocationMode: 0.
Compressed class space mapped at: 0x0000000800c00000-0x0000000840c00000, reserved size: 1073741824
Narrow klass base: 0x0000000800000000, Narrow klass shift: 0, Narrow klass range: 0x100000000

GC Precious Log:
 CardTable entry size: 512
 Card Set container configuration: InlinePtr #cards 5 size 8 Array Of Cards #cards 12 size 40 Howl #buckets 4 coarsen threshold 1843 Howl Bitmap #cards 512 size 80 coarsen threshold 460 Card regions per heap region 1 cards per card region 2048
 CPUs: 4 total, 4 available
 Memory: 3849M
 Large Page Support: Disabled
 NUMA Support: Disabled
 Compressed Oops: Enabled (32-bit)
 Heap Region Size: 1M
 Heap Min Capacity: 8M
 Heap Initial Capacity: 62M
 Heap Max Capacity: 964M
 Pre-touch: Disabled
 Parallel Workers: 4
 Concurrent Workers: 1
 Concurrent Refinement Workers: 4
 Periodic GC: Disabled

Heap:
 garbage-first heap   total 63488K, used 42038K [0x00000000c3c00000, 0x0000000100000000)
  region size 1024K, 9 young (9216K), 1 survivors (1024K)
 Metaspace       used 72532K, committed 73152K, reserved 1114112K
  class space    used 9294K, committed 9600K, reserved 1048576K

Heap Regions: E=young(eden), S=young(survivor), O=old, HS=humongous(starts), HC=humongous(continues), CS=collection set, F=free, OA=open archive, CA=closed archive, TAMS=top-at-mark-start (previous, next)
|   0|0x00000000c3c00000, 0x00000000c3d00000, 0x00000000c3d00000|100%|HS|  |TAMS 0x00000000c3d00000, 0x00000000c3c00000| Complete 
|   1|0x00000000c3d00000, 0x00000000c3e00000, 0x00000000c3e00000|100%| O|  |TAMS 0x00000000c3e00000, 0x00000000c3d00000| Untracked 
|   2|0x00000000c3e00000, 0x00000000c3f00000, 0x00000000c3f00000|100%| O|  |TAMS 0x00000000c3f00000, 0x00000000c3e00000| Untracked 
|   3|0x00000000c3f00000, 0x00000000c4000000, 0x00000000c4000000|100%| O|  |TAMS 0x00000000c4000000, 0x00000000c3f00000| Untracked 
|   4|0x00000000c4000000, 0x00000000c4100000, 0x00000000c4100000|100%| O|  |TAMS 0x00000000c4100000, 0x00000000c4000000| Untracked 
|   5|0x00000000c4100000, 0x00000000c4200000, 0x00000000c4200000|100%| O|  |TAMS 0x00000000c4200000, 0x00000000c4100000| Untracked 
|   6|0x00000000c4200000, 0x00000000c4300000, 0x00000000c4300000|100%| O|  |TAMS 0x00000000c4300000, 0x00000000c4200000| Untracked 
|   7|0x00000000c4300000, 0x00000000c4400000, 0x00000000c4400000|100%| O|  |TAMS 0x00000000c4400000, 0x00000000c4300000| Untracked 
|   8|0x00000000c4400000, 0x00000000c4500000, 0x00000000c4500000|100%| O|  |TAMS 0x00000000c4500000, 0x00000000c4400000| Untracked 
|   9|0x00000000c4500000, 0x00000000c4600000, 0x00000000c4600000|100%| O|  |TAMS 0x00000000c4600000, 0x00000000c4500000| Untracked 
|  10|0x00000000c4600000, 0x00000000c4700000, 0x00000000c4700000|100%| O|  |TAMS 0x00000000c4700000, 0x00000000c4600000| Untracked 
|  11|0x00000000c4700000, 0x00000000c4700000, 0x00000000c4800000|  0%| F|  |TAMS 0x00000000c4700000, 0x00000000c4700000| Untracked 
|  12|0x00000000c4800000, 0x00000000c4900000, 0x00000000c4900000|100%| O|  |TAMS 0x00000000c4900000, 0x00000000c4800000| Untracked 
|  13|0x00000000c4900000, 0x00000000c4a00000, 0x00000000c4a00000|100%| O|  |TAMS 0x00000000c4a00000, 0x00000000c4900000| Untracked 
|  14|0x00000000c4a00000, 0x00000000c4b00000, 0x00000000c4b00000|100%| O|  |TAMS 0x00000000c4b00000, 0x00000000c4a00000| Untracked 
|  15|0x00000000c4b00000, 0x00000000c4c00000, 0x00000000c4c00000|100%| O|  |TAMS 0x00000000c4c00000, 0x00000000c4b00000| Untracked 
|  16|0x00000000c4c00000, 0x00000000c4d00000, 0x00000000c4d00000|100%| O|  |TAMS 0x00000000c4d00000, 0x00000000c4c00000| Untracked 
|  17|0x00000000c4d00000, 0x00000000c4d00000, 0x00000000c4e00000|  0%| F|  |TAMS 0x00000000c4d00000, 0x00000000c4d00000| Untracked 
|  18|0x00000000c4e00000, 0x00000000c4f00000, 0x00000000c4f00000|100%| O|  |TAMS 0x00000000c4f00000, 0x00000000c4e00000| Untracked 
|  19|0x00000000c4f00000, 0x00000000c5000000, 0x00000000c5000000|100%| O|  |TAMS 0x00000000c5000000, 0x00000000c4f00000| Untracked 
|  20|0x00000000c5000000, 0x00000000c5100000, 0x00000000c5100000|100%| O|  |TAMS 0x00000000c5100000, 0x00000000c5000000| Untracked 
|  21|0x00000000c5100000, 0x00000000c5200000, 0x00000000c5200000|100%| O|  |TAMS 0x00000000c5200000, 0x00000000c5100000| Untracked 
|  22|0x00000000c5200000, 0x00000000c5300000, 0x00000000c5300000|100%| O|  |TAMS 0x00000000c5300000, 0x00000000c5200000| Untracked 
|  23|0x00000000c5300000, 0x00000000c5400000, 0x00000000c5400000|100%| O|  |TAMS 0x00000000c5400000, 0x00000000c5300000| Untracked 
|  24|0x00000000c5400000, 0x00000000c5500000, 0x00000000c5500000|100%| O|  |TAMS 0x00000000c5500000, 0x00000000c5400000| Untracked 
|  25|0x00000000c5500000, 0x00000000c5600000, 0x00000000c5600000|100%| O|  |TAMS 0x00000000c5600000, 0x00000000c5500000| Untracked 
|  26|0x00000000c5600000, 0x00000000c5700000, 0x00000000c5700000|100%| O|  |TAMS 0x00000000c5700000, 0x00000000c5600000| Untracked 
|  27|0x00000000c5700000, 0x00000000c5800000, 0x00000000c5800000|100%| O|  |TAMS 0x00000000c5800000, 0x00000000c5700000| Untracked 
|  28|0x00000000c5800000, 0x00000000c5900000, 0x00000000c5900000|100%| O|  |TAMS 0x00000000c5900000, 0x00000000c5800000| Untracked 
|  29|0x00000000c5900000, 0x00000000c5a00000, 0x00000000c5a00000|100%| O|  |TAMS 0x00000000c5a00000, 0x00000000c5900000| Untracked 
|  30|0x00000000c5a00000, 0x00000000c5b00000, 0x00000000c5b00000|100%| O|  |TAMS 0x00000000c5b00000, 0x00000000c5a00000| Untracked 
|  31|0x00000000c5b00000, 0x00000000c5c00000, 0x00000000c5c00000|100%| O|  |TAMS 0x00000000c5c00000, 0x00000000c5b00000| Untracked 
|  32|0x00000000c5c00000, 0x00000000c5d00000, 0x00000000c5d00000|100%| O|  |TAMS 0x00000000c5ce8400, 0x00000000c5c00000| Untracked 
|  33|0x00000000c5d00000, 0x00000000c5e00000, 0x00000000c5e00000|100%| O|  |TAMS 0x00000000c5d00000, 0x00000000c5d00000| Untracked 
|  34|0x00000000c5e00000, 0x00000000c5f00000, 0x00000000c5f00000|100%| O|  |TAMS 0x00000000c5e00000, 0x00000000c5e00000| Untracked 
|  35|0x00000000c5f00000, 0x00000000c5f8aa00, 0x00000000c6000000| 54%| O|  |TAMS 0x00000000c5f00000, 0x00000000c5f00000| Untracked 
|  36|0x00000000c6000000, 0x00000000c6000000, 0x00000000c6100000|  0%| F|  |TAMS 0x00000000c6000000, 0x00000000c6000000| Untracked 
|  37|0x00000000c6100000, 0x00000000c6100000, 0x00000000c6200000|  0%| F|  |TAMS 0x00000000c6100000, 0x00000000c6100000| Untracked 
|  38|0x00000000c6200000, 0x00000000c6200000, 0x00000000c6300000|  0%| F|  |TAMS 0x00000000c6200000, 0x00000000c6200000| Untracked 
|  39|0x00000000c6300000, 0x00000000c6300000, 0x00000000c6400000|  0%| F|  |TAMS 0x00000000c6300000, 0x00000000c6300000| Untracked 
|  40|0x00000000c6400000, 0x00000000c6400000, 0x00000000c6500000|  0%| F|  |TAMS 0x00000000c6400000, 0x00000000c6400000| Untracked 
|  41|0x00000000c6500000, 0x00000000c6500000, 0x00000000c6600000|  0%| F|  |TAMS 0x00000000c6500000, 0x00000000c6500000| Untracked 
|  42|0x00000000c6600000, 0x00000000c6600000, 0x00000000c6700000|  0%| F|  |TAMS 0x00000000c6600000, 0x00000000c6600000| Untracked 
|  43|0x00000000c6700000, 0x00000000c6700000, 0x00000000c6800000|  0%| F|  |TAMS 0x00000000c6700000, 0x00000000c6700000| Untracked 
|  44|0x00000000c6800000, 0x00000000c6800000, 0x00000000c6900000|  0%| F|  |TAMS 0x00000000c6800000, 0x00000000c6800000| Untracked 
|  45|0x00000000c6900000, 0x00000000c6900000, 0x00000000c6a00000|  0%| F|  |TAMS 0x00000000c6900000, 0x00000000c6900000| Untracked 
|  46|0x00000000c6a00000, 0x00000000c6a00000, 0x00000000c6b00000|  0%| F|  |TAMS 0x00000000c6a00000, 0x00000000c6a00000| Untracked 
|  47|0x00000000c6b00000, 0x00000000c6b00000, 0x00000000c6c00000|  0%| F|  |TAMS 0x00000000c6b00000, 0x00000000c6b00000| Untracked 
|  48|0x00000000c6c00000, 0x00000000c6c00000, 0x00000000c6d00000|  0%| F|  |TAMS 0x00000000c6c00000, 0x00000000c6c00000| Untracked 
|  49|0x00000000c6d00000, 0x00000000c6d00000, 0x00000000c6e00000|  0%| F|  |TAMS 0x00000000c6d00000, 0x00000000c6d00000| Untracked 
|  50|0x00000000c6e00000, 0x00000000c6e00000, 0x00000000c6f00000|  0%| F|  |TAMS 0x00000000c6e00000, 0x00000000c6e00000| Untracked 
|  51|0x00000000c6f00000, 0x00000000c6f00000, 0x00000000c7000000|  0%| F|  |TAMS 0x00000000c6f00000, 0x00000000c6f00000| Untracked 
|  52|0x00000000c7000000, 0x00000000c7000000, 0x00000000c7100000|  0%| F|  |TAMS 0x00000000c7000000, 0x00000000c7000000| Untracked 
|  53|0x00000000c7100000, 0x00000000c71161d0, 0x00000000c7200000|  8%| E|  |TAMS 0x00000000c7100000, 0x00000000c7100000| Complete 
|  54|0x00000000c7200000, 0x00000000c7300000, 0x00000000c7300000|100%| E|CS|TAMS 0x00000000c7200000, 0x00000000c7200000| Complete 
|  55|0x00000000c7300000, 0x00000000c7400000, 0x00000000c7400000|100%| E|CS|TAMS 0x00000000c7300000, 0x00000000c7300000| Complete 
|  56|0x00000000c7400000, 0x00000000c7500000, 0x00000000c7500000|100%| E|CS|TAMS 0x00000000c7400000, 0x00000000c7400000| Complete 
|  57|0x00000000c7500000, 0x00000000c7600000, 0x00000000c7600000|100%| E|CS|TAMS 0x00000000c7500000, 0x00000000c7500000| Complete 
|  58|0x00000000c7600000, 0x00000000c7700000, 0x00000000c7700000|100%| E|CS|TAMS 0x00000000c7600000, 0x00000000c7600000| Complete 
|  59|0x00000000c7700000, 0x00000000c7800000, 0x00000000c7800000|100%| E|CS|TAMS 0x00000000c7700000, 0x00000000c7700000| Complete 
|  60|0x00000000c7800000, 0x00000000c7883148, 0x00000000c7900000| 51%| S|CS|TAMS 0x00000000c7800000, 0x00000000c7800000| Complete 
|  61|0x00000000c7900000, 0x00000000c7a00000, 0x00000000c7a00000|100%| E|CS|TAMS 0x00000000c7900000, 0x00000000c7900000| Complete 

Card table byte_map: [0x0000011e4ece0000,0x0000011e4eed0000] _byte_map_base: 0x0000011e4e6c2000

Marking Bits (Prev, Next): (CMBitMap*) 0x0000011e381fe7a0, (CMBitMap*) 0x0000011e381fe760
 Prev Bits: [0x0000011e4ffd0000, 0x0000011e50ee0000)
 Next Bits: [0x0000011e4f0c0000, 0x0000011e4ffd0000)

Polling page: 0x0000011e36050000

Metaspace:

Usage:
  Non-class:     61.76 MB used.
      Class:      9.08 MB used.
       Both:     70.83 MB used.

Virtual space:
  Non-class space:       64.00 MB reserved,      62.06 MB ( 97%) committed,  1 nodes.
      Class space:        1.00 GB reserved,       9.38 MB ( <1%) committed,  1 nodes.
             Both:        1.06 GB reserved,      71.44 MB (  7%) committed. 

Chunk freelists:
   Non-Class:  1.78 MB
       Class:  2.48 MB
        Both:  4.27 MB

MaxMetaspaceSize: unlimited
CompressedClassSpaceSize: 1.00 GB
Initial GC threshold: 21.00 MB
Current GC threshold: 114.69 MB
CDS: on
MetaspaceReclaimPolicy: balanced
 - commit_granule_bytes: 65536.
 - commit_granule_words: 8192.
 - virtual_space_node_default_size: 8388608.
 - enlarge_chunks_in_place: 1.
 - new_chunks_are_fully_committed: 0.
 - uncommit_free_chunks: 1.
 - use_allocation_guard: 0.


Internal statistics:

num_allocs_failed_limit: 9.
num_arena_births: 826.
num_arena_deaths: 0.
num_vsnodes_births: 2.
num_vsnodes_deaths: 0.
num_space_committed: 1143.
num_space_uncommitted: 0.
num_chunks_returned_to_freelist: 9.
num_chunks_taken_from_freelist: 3307.
num_chunk_merges: 9.
num_chunk_splits: 2409.
num_chunks_enlarged: 1972.
num_inconsistent_stats: 0.

CodeHeap 'non-profiled nmethods': size=120000Kb used=4298Kb max_used=4298Kb free=115701Kb
 bounds [0x0000011e475c0000, 0x0000011e47a00000, 0x0000011e4eaf0000]
CodeHeap 'profiled nmethods': size=120000Kb used=14846Kb max_used=14846Kb free=105153Kb
 bounds [0x0000011e40090000, 0x0000011e40f20000, 0x0000011e475c0000]
CodeHeap 'non-nmethods': size=5760Kb used=1382Kb max_used=1419Kb free=4377Kb
 bounds [0x0000011e3faf0000, 0x0000011e3fd60000, 0x0000011e40090000]
 total_blobs=7581 nmethods=6867 adapters=626
 compilation: enabled
              stopped_count=0, restarted_count=0
 full_count=0

Compilation events (20 events):
Event: 151.967 Thread 0x0000011e3827cdc0 nmethod 7648 0x0000011e479f1f10 code [0x0000011e479f20a0, 0x0000011e479f2178]
Event: 151.967 Thread 0x0000011e3827cdc0 7651       1       org.apache.kafka.clients.FetchSessionHandler::access$400 (5 bytes)
Event: 151.967 Thread 0x0000011e3827cdc0 nmethod 7651 0x0000011e479f2210 code [0x0000011e479f23a0, 0x0000011e479f2458]
Event: 151.967 Thread 0x0000011e3827cdc0 7649       1       org.apache.kafka.common.message.FetchResponseData::responses (5 bytes)
Event: 151.967 Thread 0x0000011e3827cdc0 nmethod 7649 0x0000011e479f2510 code [0x0000011e479f26a0, 0x0000011e479f2778]
Event: 151.967 Thread 0x0000011e3827cdc0 7650       1       org.apache.kafka.clients.consumer.internals.Fetcher::access$400 (5 bytes)
Event: 151.967 Thread 0x0000011e3827cdc0 nmethod 7650 0x0000011e479f2810 code [0x0000011e479f29a0, 0x0000011e479f2a58]
Event: 152.479 Thread 0x0000011e3827cdc0 7652       3       org.apache.kafka.clients.consumer.internals.SubscriptionState$$Lambda$1713/0x0000000801575ea8::test (12 bytes)
Event: 152.484 Thread 0x0000011e3827cdc0 nmethod 7652 0x0000011e40f0de10 code [0x0000011e40f0e000, 0x0000011e40f0e648]
Event: 152.484 Thread 0x0000011e3827cdc0 7654       3       org.apache.kafka.clients.consumer.internals.SubscriptionState$TopicPartitionState::access$700 (5 bytes)
Event: 152.484 Thread 0x0000011e3827cdc0 nmethod 7654 0x0000011e40f0e890 code [0x0000011e40f0ea40, 0x0000011e40f0ec68]
Event: 152.485 Thread 0x0000011e3827cdc0 7653       3       org.apache.kafka.clients.consumer.internals.SubscriptionState::lambda$partitionsNeedingValidation$8 (21 bytes)
Event: 152.486 Thread 0x0000011e3827cdc0 nmethod 7653 0x0000011e40f0ed90 code [0x0000011e40f0ef60, 0x0000011e40f0f428]
Event: 152.995 Thread 0x0000011e3827cdc0 7655       3       org.apache.kafka.clients.consumer.internals.SubscriptionState$TopicPartitionState::access$2500 (5 bytes)
Event: 152.996 Thread 0x0000011e3827cdc0 nmethod 7655 0x0000011e40f0f610 code [0x0000011e40f0f7c0, 0x0000011e40f0fac8]
Event: 152.997 Thread 0x0000011e3827cdc0 7656       3       org.apache.kafka.clients.consumer.internals.SubscriptionState$TopicPartitionState::isFetchable (20 bytes)
Event: 152.999 Thread 0x0000011e3827cdc0 nmethod 7656 0x0000011e40f0fc10 code [0x0000011e40f0fdc0, 0x0000011e40f10088]
Event: 152.999 Thread 0x0000011e3827cdc0 7657       3       org.apache.kafka.clients.consumer.internals.SubscriptionState$$Lambda$1559/0x000000080153db28::accept (20 bytes)
Event: 153.001 Thread 0x0000011e3827cdc0 nmethod 7657 0x0000011e40f10190 code [0x0000011e40f103a0, 0x0000011e40f10bc8]
Event: 153.511 Thread 0x0000011e38278f40 7658       4       org.apache.kafka.clients.consumer.internals.ConsumerNetworkClient::trySend (144 bytes)

GC Heap History (20 events):
Event: 31.715 GC heap before
{Heap before GC invocations=14 (full 0):
 garbage-first heap   total 58368K, used 45385K [0x00000000c3c00000, 0x0000000100000000)
  region size 1024K, 22 young (22528K), 2 survivors (2048K)
 Metaspace       used 52915K, committed 53376K, reserved 1114112K
  class space    used 6971K, committed 7168K, reserved 1048576K
}
Event: 31.721 GC heap after
{Heap after GC invocations=15 (full 0):
 garbage-first heap   total 58368K, used 25820K [0x00000000c3c00000, 0x0000000100000000)
  region size 1024K, 3 young (3072K), 3 survivors (3072K)
 Metaspace       used 52915K, committed 53376K, reserved 1114112K
  class space    used 6971K, committed 7168K, reserved 1048576K
}
Event: 36.039 GC heap before
{Heap before GC invocations=15 (full 0):
 garbage-first heap   total 58368K, used 45276K [0x00000000c3c00000, 0x0000000100000000)
  region size 1024K, 22 young (22528K), 3 survivors (3072K)
 Metaspace       used 55729K, committed 56192K, reserved 1114112K
  class space    used 7347K, committed 7552K, reserved 1048576K
}
Event: 36.049 GC heap after
{Heap after GC invocations=16 (full 0):
 garbage-first heap   total 58368K, used 27456K [0x00000000c3c00000, 0x0000000100000000)
  region size 1024K, 3 young (3072K), 3 survivors (3072K)
 Metaspace       used 55729K, committed 56192K, reserved 1114112K
  class space    used 7347K, committed 7552K, reserved 1048576K
}
Event: 38.140 GC heap before
{Heap before GC invocations=16 (full 0):
 garbage-first heap   total 58368K, used 45888K [0x00000000c3c00000, 0x0000000100000000)
  region size 1024K, 21 young (21504K), 3 survivors (3072K)
 Metaspace       used 58972K, committed 59456K, reserved 1114112K
  class space    used 7755K, committed 8000K, reserved 1048576K
}
Event: 38.176 GC heap after
{Heap after GC invocations=17 (full 0):
 garbage-first heap   total 58368K, used 28763K [0x00000000c3c00000, 0x0000000100000000)
  region size 1024K, 3 young (3072K), 3 survivors (3072K)
 Metaspace       used 58972K, committed 59456K, reserved 1114112K
  class space    used 7755K, committed 8000K, reserved 1048576K
}
Event: 40.291 GC heap before
{Heap before GC invocations=17 (full 0):
 garbage-first heap   total 58368K, used 40027K [0x00000000c3c00000, 0x0000000100000000)
  region size 1024K, 15 young (15360K), 3 survivors (3072K)
 Metaspace       used 59709K, committed 60160K, reserved 1114112K
  class space    used 7869K, committed 8064K, reserved 1048576K
}
Event: 40.312 GC heap after
{Heap after GC invocations=18 (full 0):
 garbage-first heap   total 58368K, used 29922K [0x00000000c3c00000, 0x0000000100000000)
  region size 1024K, 3 young (3072K), 3 survivors (3072K)
 Metaspace       used 59709K, committed 60160K, reserved 1114112K
  class space    used 7869K, committed 8064K, reserved 1048576K
}
Event: 43.281 GC heap before
{Heap before GC invocations=19 (full 0):
 garbage-first heap   total 58368K, used 46306K [0x00000000c3c00000, 0x0000000100000000)
  region size 1024K, 19 young (19456K), 3 survivors (3072K)
 Metaspace       used 60970K, committed 61440K, reserved 1114112K
  class space    used 8086K, committed 8320K, reserved 1048576K
}
Event: 43.290 GC heap after
{Heap after GC invocations=20 (full 0):
 garbage-first heap   total 58368K, used 31165K [0x00000000c3c00000, 0x0000000100000000)
  region size 1024K, 3 young (3072K), 3 survivors (3072K)
 Metaspace       used 60970K, committed 61440K, reserved 1114112K
  class space    used 8086K, committed 8320K, reserved 1048576K
}
Event: 44.356 GC heap before
{Heap before GC invocations=20 (full 0):
 garbage-first heap   total 58368K, used 46525K [0x00000000c3c00000, 0x0000000100000000)
  region size 1024K, 18 young (18432K), 3 survivors (3072K)
 Metaspace       used 62247K, committed 62720K, reserved 1114112K
  class space    used 8266K, committed 8512K, reserved 1048576K
}
Event: 44.377 GC heap after
{Heap after GC invocations=21 (full 0):
 garbage-first heap   total 58368K, used 32993K [0x00000000c3c00000, 0x0000000100000000)
  region size 1024K, 3 young (3072K), 3 survivors (3072K)
 Metaspace       used 62247K, committed 62720K, reserved 1114112K
  class space    used 8266K, committed 8512K, reserved 1048576K
}
Event: 47.229 GC heap before
{Heap before GC invocations=22 (full 0):
 garbage-first heap   total 60416K, used 45281K [0x00000000c3c00000, 0x0000000100000000)
  region size 1024K, 16 young (16384K), 3 survivors (3072K)
 Metaspace       used 65810K, committed 66368K, reserved 1114112K
  class space    used 8675K, committed 8960K, reserved 1048576K
}
Event: 47.242 GC heap after
{Heap after GC invocations=23 (full 0):
 garbage-first heap   total 60416K, used 34361K [0x00000000c3c00000, 0x0000000100000000)
  region size 1024K, 2 young (2048K), 2 survivors (2048K)
 Metaspace       used 65810K, committed 66368K, reserved 1114112K
  class space    used 8675K, committed 8960K, reserved 1048576K
}
Event: 49.055 GC heap before
{Heap before GC invocations=23 (full 0):
 garbage-first heap   total 60416K, used 47673K [0x00000000c3c00000, 0x0000000100000000)
  region size 1024K, 16 young (16384K), 2 survivors (2048K)
 Metaspace       used 69630K, committed 70208K, reserved 1114112K
  class space    used 8929K, committed 9216K, reserved 1048576K
}
Event: 49.062 GC heap after
{Heap after GC invocations=24 (full 0):
 garbage-first heap   total 60416K, used 35066K [0x00000000c3c00000, 0x0000000100000000)
  region size 1024K, 1 young (1024K), 1 survivors (1024K)
 Metaspace       used 69630K, committed 70208K, reserved 1114112K
  class space    used 8929K, committed 9216K, reserved 1048576K
}
Event: 97.682 GC heap before
{Heap before GC invocations=25 (full 0):
 garbage-first heap   total 63488K, used 48378K [0x00000000c3c00000, 0x0000000100000000)
  region size 1024K, 14 young (14336K), 1 survivors (1024K)
 Metaspace       used 71778K, committed 72320K, reserved 1114112K
  class space    used 9217K, committed 9472K, reserved 1048576K
}
Event: 97.802 GC heap after
{Heap after GC invocations=26 (full 0):
 garbage-first heap   total 63488K, used 35433K [0x00000000c3c00000, 0x0000000100000000)
  region size 1024K, 2 young (2048K), 2 survivors (2048K)
 Metaspace       used 71778K, committed 72320K, reserved 1114112K
  class space    used 9217K, committed 9472K, reserved 1048576K
}
Event: 104.493 GC heap before
{Heap before GC invocations=26 (full 0):
 garbage-first heap   total 63488K, used 36457K [0x00000000c3c00000, 0x0000000100000000)
  region size 1024K, 3 young (3072K), 2 survivors (2048K)
 Metaspace       used 71839K, committed 72384K, reserved 1114112K
  class space    used 9217K, committed 9472K, reserved 1048576K
}
Event: 104.576 GC heap after
{Heap after GC invocations=27 (full 0):
 garbage-first heap   total 63488K, used 34870K [0x00000000c3c00000, 0x0000000100000000)
  region size 1024K, 1 young (1024K), 1 survivors (1024K)
 Metaspace       used 71839K, committed 72384K, reserved 1114112K
  class space    used 9217K, committed 9472K, reserved 1048576K
}

Deoptimization events (20 events):
Event: 97.912 Thread 0x0000011e57bfbd90 Uncommon trap: trap_request=0xffffff45 fr.pc=0x0000011e479d7acc relative=0x000000000000022c
Event: 97.913 Thread 0x0000011e57bfbd90 Uncommon trap: reason=unstable_if action=reinterpret pc=0x0000011e479d7acc method=java.util.HashMap$KeySpliterator.forEachRemaining(Ljava/util/function/Consumer;)V @ 159 c2
Event: 97.914 Thread 0x0000011e57bfbd90 DEOPT PACKING pc=0x0000011e479d7acc sp=0x0000001a7b8fece0
Event: 97.915 Thread 0x0000011e57bfbd90 DEOPT UNPACKING pc=0x0000011e3fb423a3 sp=0x0000001a7b8fec80 mode 2
Event: 106.772 Thread 0x0000011e5a0163c0 Uncommon trap: trap_request=0xffffff45 fr.pc=0x0000011e475fac1c relative=0x000000000000057c
Event: 106.772 Thread 0x0000011e5a015080 Uncommon trap: trap_request=0xffffff45 fr.pc=0x0000011e475fac1c relative=0x000000000000057c
Event: 106.772 Thread 0x0000011e5a0163c0 Uncommon trap: reason=unstable_if action=reinterpret pc=0x0000011e475fac1c method=java.lang.AbstractStringBuilder.append(Ljava/lang/String;)Ljava/lang/AbstractStringBuilder; @ 1 c2
Event: 106.773 Thread 0x0000011e5a015080 Uncommon trap: reason=unstable_if action=reinterpret pc=0x0000011e475fac1c method=java.lang.AbstractStringBuilder.append(Ljava/lang/String;)Ljava/lang/AbstractStringBuilder; @ 1 c2
Event: 106.773 Thread 0x0000011e5a015080 DEOPT PACKING pc=0x0000011e475fac1c sp=0x0000001a7c7fe1c0
Event: 106.773 Thread 0x0000011e5a0163c0 DEOPT PACKING pc=0x0000011e475fac1c sp=0x0000001a7c9fe4e0
Event: 106.774 Thread 0x0000011e5a0163c0 DEOPT UNPACKING pc=0x0000011e3fb423a3 sp=0x0000001a7c9fe460 mode 2
Event: 106.774 Thread 0x0000011e5a015080 DEOPT UNPACKING pc=0x0000011e3fb423a3 sp=0x0000001a7c7fe140 mode 2
Event: 108.783 Thread 0x0000011e5a015080 Uncommon trap: trap_request=0xffffff45 fr.pc=0x0000011e475f7094 relative=0x0000000000000574
Event: 108.783 Thread 0x0000011e5a015080 Uncommon trap: reason=unstable_if action=reinterpret pc=0x0000011e475f7094 method=java.lang.AbstractStringBuilder.append(Ljava/lang/String;)Ljava/lang/AbstractStringBuilder; @ 1 c2
Event: 108.783 Thread 0x0000011e5a015080 DEOPT PACKING pc=0x0000011e475f7094 sp=0x0000001a7c7fd790
Event: 108.783 Thread 0x0000011e5a015080 DEOPT UNPACKING pc=0x0000011e3fb423a3 sp=0x0000001a7c7fd768 mode 2
Event: 113.294 Thread 0x0000011e5a015080 Uncommon trap: trap_request=0xffffff45 fr.pc=0x0000011e479e23e8 relative=0x0000000000000528
Event: 113.294 Thread 0x0000011e5a015080 Uncommon trap: reason=unstable_if action=reinterpret pc=0x0000011e479e23e8 method=java.util.concurrent.ConcurrentLinkedQueue.poll()Ljava/lang/Object; @ 29 c2
Event: 113.294 Thread 0x0000011e5a015080 DEOPT PACKING pc=0x0000011e479e23e8 sp=0x0000001a7c7febb0
Event: 113.294 Thread 0x0000011e5a015080 DEOPT UNPACKING pc=0x0000011e3fb423a3 sp=0x0000001a7c7feb68 mode 2

Classes loaded (20 events):
Event: 50.618 Loading class sun/nio/ch/IOVecWrapper
Event: 50.618 Loading class sun/nio/ch/IOVecWrapper done
Event: 50.618 Loading class sun/nio/ch/AllocatedNativeObject
Event: 50.619 Loading class sun/nio/ch/NativeObject
Event: 50.619 Loading class sun/nio/ch/NativeObject done
Event: 50.619 Loading class sun/nio/ch/AllocatedNativeObject done
Event: 50.619 Loading class sun/nio/ch/IOVecWrapper$Deallocator
Event: 50.619 Loading class sun/nio/ch/IOVecWrapper$Deallocator done
Event: 51.029 Loading class java/util/concurrent/ConcurrentLinkedQueue$CLQSpliterator
Event: 51.030 Loading class java/util/concurrent/ConcurrentLinkedQueue$CLQSpliterator done
Event: 51.971 Loading class jdk/internal/vm/VMSupport
Event: 51.972 Loading class jdk/internal/vm/VMSupport done
Event: 51.974 Loading class sun/nio/cs/ISO_8859_1$Encoder
Event: 51.975 Loading class sun/nio/cs/ISO_8859_1$Encoder done
Event: 51.975 Loading class sun/nio/cs/Surrogate$Parser
Event: 51.975 Loading class sun/nio/cs/Surrogate$Parser done
Event: 51.976 Loading class sun/nio/cs/Surrogate
Event: 51.976 Loading class sun/nio/cs/Surrogate done
Event: 53.186 Loading class java/lang/ExceptionInInitializerError
Event: 53.193 Loading class java/lang/ExceptionInInitializerError done

Classes unloaded (0 events):
No events

Classes redefined (0 events):
No events

Internal exceptions (20 events):
Event: 44.820 Thread 0x0000011e381bd710 Exception <a 'java/lang/NoSuchMethodError'{0x00000000c75eebf8}: 'void java.lang.invoke.DirectMethodHandle$Holder.invokeVirtual(java.lang.Object, java.lang.Object, float)'> (0x00000000c75eebf8) 
thrown [s\open\src\hotspot\share\interpreter\linkResolver.cpp, line 759]
Event: 44.821 Thread 0x0000011e381bd710 Exception <a 'java/lang/NoSuchMethodError'{0x00000000c75f9920}: 'float java.lang.invoke.DelegatingMethodHandle$Holder.reinvoke_L(java.lang.Object, java.lang.Object, int)'> (0x00000000c75f9920) 
thrown [s\open\src\hotspot\share\interpreter\linkResolver.cpp, line 759]
Event: 44.822 Thread 0x0000011e381bd710 Exception <a 'java/lang/NoSuchMethodError'{0x00000000c7403f80}: 'void java.lang.invoke.DelegatingMethodHandle$Holder.reinvoke_L(java.lang.Object, java.lang.Object, float)'> (0x00000000c7403f80) 
thrown [s\open\src\hotspot\share\interpreter\linkResolver.cpp, line 759]
Event: 44.938 Thread 0x0000011e381bd710 Exception <a 'java/lang/NoSuchMethodError'{0x00000000c7367890}: 'java.lang.Object java.lang.invoke.DirectMethodHandle$Holder.invokeSpecial(java.lang.Object, java.lang.Object, int, java.lang.Object, int, java.lang.Object)'> (0x00000000c7367890) 
thrown [s\open\src\hotspot\share\interpreter\linkResolver.cpp, line 759]
Event: 44.939 Thread 0x0000011e381bd710 Exception <a 'java/lang/NoSuchMethodError'{0x00000000c736f318}: 'java.lang.Object java.lang.invoke.DirectMethodHandle$Holder.newInvokeSpecial(java.lang.Object, java.lang.Object, int, java.lang.Object, int)'> (0x00000000c736f318) 
thrown [s\open\src\hotspot\share\interpreter\linkResolver.cpp, line 759]
Event: 44.939 Thread 0x0000011e381bd710 Exception <a 'java/lang/NoSuchMethodError'{0x00000000c73733d8}: 'java.lang.Object java.lang.invoke.DirectMethodHandle$Holder.invokeSpecial(java.lang.Object, java.lang.Object, java.lang.Object, int, java.lang.Object, int)'> (0x00000000c73733d8) 
thrown [s\open\src\hotspot\share\interpreter\linkResolver.cpp, line 759]
Event: 45.116 Thread 0x0000011e381bd710 Exception <a 'java/lang/IncompatibleClassChangeError'{0x00000000c706c780}: Found class java.lang.Object, but interface was expected> (0x00000000c706c780) 
thrown [s\open\src\hotspot\share\interpreter\linkResolver.cpp, line 826]
Event: 45.326 Thread 0x0000011e381bd710 Implicit null exception at 0x0000011e47943a31 to 0x0000011e47943d52
Event: 50.615 Thread 0x0000011e5a015080 Exception <a 'java/lang/NoSuchMethodError'{0x00000000c761ffa8}: 'java.lang.Object java.lang.invoke.DirectMethodHandle$Holder.newInvokeSpecial(java.lang.Object, java.lang.Object, long)'> (0x00000000c761ffa8) 
thrown [s\open\src\hotspot\share\interpreter\linkResolver.cpp, line 759]
Event: 50.615 Thread 0x0000011e5a0163c0 Exception <a 'java/lang/NoSuchMethodError'{0x00000000c763a6d0}: 'java.lang.Object java.lang.invoke.DirectMethodHandle$Holder.newInvokeSpecial(java.lang.Object, java.lang.Object, long)'> (0x00000000c763a6d0) 
thrown [s\open\src\hotspot\share\interpreter\linkResolver.cpp, line 759]
Event: 50.615 Thread 0x0000011e5a015080 Exception <a 'java/lang/NoSuchMethodError'{0x00000000c7623910}: 'java.lang.Object java.lang.invoke.Invokers$Holder.linkToTargetMethod(java.lang.Object, long, java.lang.Object)'> (0x00000000c7623910) 
thrown [s\open\src\hotspot\share\interpreter\linkResolver.cpp, line 759]
Event: 50.615 Thread 0x0000011e5a0163c0 Exception <a 'java/lang/NoSuchMethodError'{0x00000000c763e140}: 'java.lang.Object java.lang.invoke.Invokers$Holder.linkToTargetMethod(java.lang.Object, long, java.lang.Object)'> (0x00000000c763e140) 
thrown [s\open\src\hotspot\share\interpreter\linkResolver.cpp, line 759]
Event: 50.617 Thread 0x0000011e5a0163c0 Exception <a 'java/lang/NoSuchMethodError'{0x00000000c7646e50}: 'java.lang.Object java.lang.invoke.DirectMethodHandle$Holder.newInvokeSpecial(java.lang.Object, long)'> (0x00000000c7646e50) 
thrown [s\open\src\hotspot\share\interpreter\linkResolver.cpp, line 759]
Event: 50.617 Thread 0x0000011e5a015080 Exception <a 'java/lang/NoSuchMethodError'{0x00000000c762c3b8}: 'java.lang.Object java.lang.invoke.DirectMethodHandle$Holder.newInvokeSpecial(java.lang.Object, long)'> (0x00000000c762c3b8) 
thrown [s\open\src\hotspot\share\interpreter\linkResolver.cpp, line 759]
Event: 106.772 Thread 0x0000011e5a015080 Implicit null exception at 0x0000011e475fa6d2 to 0x0000011e475fac04
Event: 106.772 Thread 0x0000011e5a0163c0 Implicit null exception at 0x0000011e475fa6d2 to 0x0000011e475fac04
Event: 108.710 Thread 0x0000011e5a015080 Exception <a 'java/lang/NoSuchMethodError'{0x00000000c767fc88}: 'java.lang.Object java.lang.invoke.DirectMethodHandle$Holder.invokeVirtual(java.lang.Object, java.lang.Object, int)'> (0x00000000c767fc88) 
thrown [s\open\src\hotspot\share\interpreter\linkResolver.cpp, line 759]
Event: 108.783 Thread 0x0000011e5a015080 Implicit null exception at 0x0000011e475f6b52 to 0x0000011e475f707c
Event: 113.267 Thread 0x0000011e5a015080 Exception <a 'java/lang/NoSuchMethodError'{0x00000000c7569838}: 'java.lang.Object java.lang.invoke.DirectMethodHandle$Holder.newInvokeSpecial(java.lang.Object, java.lang.Object, int, java.lang.Object)'> (0x00000000c7569838) 
thrown [s\open\src\hotspot\share\interpreter\linkResolver.cpp, line 759]
Event: 113.270 Thread 0x0000011e5a015080 Exception <a 'java/lang/NoSuchMethodError'{0x00000000c756d410}: 'java.lang.Object java.lang.invoke.Invokers$Holder.linkToTargetMethod(java.lang.Object, int, java.lang.Object, java.lang.Object)'> (0x00000000c756d410) 
thrown [s\open\src\hotspot\share\interpreter\linkResolver.cpp, line 759]

VM Operations (20 events):
Event: 125.764 Executing VM operation: Cleanup
Event: 125.854 Executing VM operation: Cleanup done
Event: 126.870 Executing VM operation: Cleanup
Event: 127.840 Executing VM operation: Cleanup done
Event: 128.848 Executing VM operation: Cleanup
Event: 128.849 Executing VM operation: Cleanup done
Event: 134.907 Executing VM operation: Cleanup
Event: 134.907 Executing VM operation: Cleanup done
Event: 135.916 Executing VM operation: Cleanup
Event: 135.916 Executing VM operation: Cleanup done
Event: 137.930 Executing VM operation: Cleanup
Event: 137.930 Executing VM operation: Cleanup done
Event: 142.993 Executing VM operation: Cleanup
Event: 142.993 Executing VM operation: Cleanup done
Event: 146.033 Executing VM operation: Cleanup
Event: 146.033 Executing VM operation: Cleanup done
Event: 151.083 Executing VM operation: Cleanup
Event: 151.084 Executing VM operation: Cleanup done
Event: 152.094 Executing VM operation: Cleanup
Event: 152.094 Executing VM operation: Cleanup done

Events (20 events):
Event: 45.986 Thread 0x0000011e57eb53b0 Thread added: 0x0000011e57eb53b0
Event: 45.991 Thread 0x0000011e5a015080 Thread added: 0x0000011e5a015080
Event: 47.465 Thread 0x0000011e5a011b90 Thread added: 0x0000011e5a011b90
Event: 47.472 Thread 0x0000011e5a0163c0 Thread added: 0x0000011e5a0163c0
Event: 47.577 Thread 0x0000011e5a015550 Thread added: 0x0000011e5a015550
Event: 47.578 Thread 0x0000011e5a017230 Thread added: 0x0000011e5a017230
Event: 47.579 Thread 0x0000011e5a012060 Thread added: 0x0000011e5a012060
Event: 47.579 Thread 0x0000011e5a010d20 Thread added: 0x0000011e5a010d20
Event: 47.579 Thread 0x0000011e5a015ef0 Thread added: 0x0000011e5a015ef0
Event: 47.579 Thread 0x0000011e5a014bb0 Thread added: 0x0000011e5a014bb0
Event: 47.579 Thread 0x0000011e5a0133a0 Thread added: 0x0000011e5a0133a0
Event: 47.579 Thread 0x0000011e5a017bd0 Thread added: 0x0000011e5a017bd0
Event: 47.579 Thread 0x0000011e5a015a20 Thread added: 0x0000011e5a015a20
Event: 47.580 Thread 0x0000011e5a0180a0 Thread added: 0x0000011e5a0180a0
Event: 47.588 Thread 0x0000011e5a012530 Thread added: 0x0000011e5a012530
Event: 47.590 Thread 0x0000011e5a016890 Thread added: 0x0000011e5a016890
Event: 47.726 Thread 0x0000011e381bd710 Thread exited: 0x0000011e381bd710
Event: 47.726 Thread 0x0000011e5a012ed0 Thread added: 0x0000011e5a012ed0
Event: 106.879 Thread 0x0000011e5a010850 Thread added: 0x0000011e5a010850
Event: 106.884 Thread 0x0000011e5a0111f0 Thread added: 0x0000011e5a0111f0


Dynamic libraries:
0x00007ff7dc6f0000 - 0x00007ff7dc700000 	C:\Program Files\Java\jdk-18.0.2.1\bin\java.exe
0x00007ffcaaa50000 - 0x00007ffcaac48000 	C:\Windows\SYSTEM32\ntdll.dll
0x00007ffca9560000 - 0x00007ffca961d000 	C:\Windows\System32\KERNEL32.DLL
0x00007ffca86f0000 - 0x00007ffca89c2000 	C:\Windows\System32\KERNELBASE.dll
0x00007ffca8270000 - 0x00007ffca8370000 	C:\Windows\System32\ucrtbase.dll
0x00007ffc97170000 - 0x00007ffc9718a000 	C:\Program Files\Java\jdk-18.0.2.1\bin\VCRUNTIME140.dll
0x00007ffc96980000 - 0x00007ffc96998000 	C:\Program Files\Java\jdk-18.0.2.1\bin\jli.dll
0x00007ffca8ab0000 - 0x00007ffca8b5e000 	C:\Windows\System32\ADVAPI32.dll
0x00007ffcaa840000 - 0x00007ffcaa8de000 	C:\Windows\System32\msvcrt.dll
0x00007ffca94c0000 - 0x00007ffca955c000 	C:\Windows\System32\sechost.dll
0x00007ffcaa710000 - 0x00007ffcaa835000 	C:\Windows\System32\RPCRT4.dll
0x00007ffcaa570000 - 0x00007ffcaa70d000 	C:\Windows\System32\USER32.dll
0x00007ffc874a0000 - 0x00007ffc8773a000 	C:\Windows\WinSxS\amd64_microsoft.windows.common-controls_6595b64144ccf1df_6.0.19041.1110_none_60b5254171f9507e\COMCTL32.dll
0x00007ffca83c0000 - 0x00007ffca83e2000 	C:\Windows\System32\win32u.dll
0x00007ffca9830000 - 0x00007ffca985b000 	C:\Windows\System32\GDI32.dll
0x00007ffca8160000 - 0x00007ffca826f000 	C:\Windows\System32\gdi32full.dll
0x00007ffca8550000 - 0x00007ffca85ed000 	C:\Windows\System32\msvcp_win.dll
0x00007ffc9d520000 - 0x00007ffc9d52a000 	C:\Windows\SYSTEM32\VERSION.dll
0x00007ffca9320000 - 0x00007ffca9350000 	C:\Windows\System32\IMM32.DLL
0x00007ffc96970000 - 0x00007ffc9697c000 	C:\Program Files\Java\jdk-18.0.2.1\bin\vcruntime140_1.dll
0x00007ffc7b100000 - 0x00007ffc7b18d000 	C:\Program Files\Java\jdk-18.0.2.1\bin\msvcp140.dll
0x00007ffc4f7c0000 - 0x00007ffc503d1000 	C:\Program Files\Java\jdk-18.0.2.1\bin\server\jvm.dll
0x00007ffca91f0000 - 0x00007ffca91f8000 	C:\Windows\System32\PSAPI.DLL
0x00007ffca5f80000 - 0x00007ffca5fa7000 	C:\Windows\SYSTEM32\WINMM.dll
0x00007ffc9ed70000 - 0x00007ffc9ed79000 	C:\Windows\SYSTEM32\WSOCK32.dll
0x00007ffca92b0000 - 0x00007ffca931b000 	C:\Windows\System32\WS2_32.dll
0x00007ffca6970000 - 0x00007ffca6982000 	C:\Windows\SYSTEM32\kernel.appcore.dll
0x00007ffc96960000 - 0x00007ffc9696a000 	C:\Program Files\Java\jdk-18.0.2.1\bin\jimage.dll
0x00007ffca5d90000 - 0x00007ffca5f74000 	C:\Windows\SYSTEM32\DBGHELP.DLL
0x00007ffc9c570000 - 0x00007ffc9c59c000 	C:\Windows\SYSTEM32\dbgcore.DLL
0x00007ffca85f0000 - 0x00007ffca8672000 	C:\Windows\System32\bcryptPrimitives.dll
0x00007ffca2680000 - 0x00007ffca268e000 	C:\Program Files\Java\jdk-18.0.2.1\bin\instrument.dll
0x00007ffc96930000 - 0x00007ffc96955000 	C:\Program Files\Java\jdk-18.0.2.1\bin\java.dll
0x00007ffc7b020000 - 0x00007ffc7b0f6000 	C:\Program Files\Java\jdk-18.0.2.1\bin\jsvml.dll
0x00007ffca9950000 - 0x00007ffcaa093000 	C:\Windows\System32\SHELL32.dll
0x00007ffca61c0000 - 0x00007ffca6951000 	C:\Windows\SYSTEM32\windows.storage.dll
0x00007ffcaa210000 - 0x00007ffcaa564000 	C:\Windows\System32\combase.dll
0x00007ffca7b50000 - 0x00007ffca7b80000 	C:\Windows\SYSTEM32\Wldp.dll
0x00007ffca93b0000 - 0x00007ffca945d000 	C:\Windows\System32\SHCORE.dll
0x00007ffca97d0000 - 0x00007ffca9825000 	C:\Windows\System32\shlwapi.dll
0x00007ffca80a0000 - 0x00007ffca80bf000 	C:\Windows\SYSTEM32\profapi.dll
0x00007ffc66800000 - 0x00007ffc66818000 	C:\Program Files\Java\jdk-18.0.2.1\bin\zip.dll
0x00007ffc96910000 - 0x00007ffc96923000 	C:\Program Files\Java\jdk-18.0.2.1\bin\net.dll
0x00007ffca58e0000 - 0x00007ffca59ed000 	C:\Windows\SYSTEM32\WINHTTP.dll
0x00007ffca78b0000 - 0x00007ffca791a000 	C:\Windows\system32\mswsock.dll
0x00007ffc7b000000 - 0x00007ffc7b016000 	C:\Program Files\Java\jdk-18.0.2.1\bin\nio.dll
0x00007ffc9b190000 - 0x00007ffc9b1aa000 	C:\Program Files\JetBrains\IntelliJ IDEA Community Edition 2022.2.1\bin\breakgen64.dll
0x00007ffc7cee0000 - 0x00007ffc7cef0000 	C:\Program Files\Java\jdk-18.0.2.1\bin\verify.dll
0x00007ffca2170000 - 0x00007ffca2179000 	C:\Program Files\Java\jdk-18.0.2.1\bin\management.dll
0x00007ffc9e680000 - 0x00007ffc9e68b000 	C:\Program Files\Java\jdk-18.0.2.1\bin\management_ext.dll
0x00007ffc83140000 - 0x00007ffc83157000 	C:\Windows\system32\napinsp.dll
0x00007ffc83120000 - 0x00007ffc8313b000 	C:\Windows\system32\pnrpnsp.dll
0x00007ffca28e0000 - 0x00007ffca28f5000 	C:\Windows\system32\wshbth.dll
0x00007ffca27b0000 - 0x00007ffca27cd000 	C:\Windows\system32\NLAapi.dll
0x00007ffca75a0000 - 0x00007ffca75db000 	C:\Windows\SYSTEM32\IPHLPAPI.DLL
0x00007ffca75e0000 - 0x00007ffca76aa000 	C:\Windows\SYSTEM32\DNSAPI.dll
0x00007ffca8bf0000 - 0x00007ffca8bf8000 	C:\Windows\System32\NSI.dll
0x00007ffc83100000 - 0x00007ffc83112000 	C:\Windows\System32\winrnr.dll
0x00007ffc9d0e0000 - 0x00007ffc9d0ea000 	C:\Windows\System32\rasadhlp.dll
0x00007ffc9b2c0000 - 0x00007ffc9b340000 	C:\Windows\System32\fwpuclnt.dll
0x00007ffca89d0000 - 0x00007ffca89f7000 	C:\Windows\System32\bcrypt.dll
0x00007ffca7aa0000 - 0x00007ffca7ab8000 	C:\Windows\SYSTEM32\CRYPTSP.dll
0x00007ffca7130000 - 0x00007ffca7164000 	C:\Windows\system32\rsaenh.dll
0x00007ffca8060000 - 0x00007ffca808e000 	C:\Windows\SYSTEM32\USERENV.dll
0x00007ffca7ac0000 - 0x00007ffca7acc000 	C:\Windows\SYSTEM32\CRYPTBASE.dll
0x00007ffc9c510000 - 0x00007ffc9c527000 	C:\Windows\SYSTEM32\dhcpcsvc6.DLL
0x00007ffc9d310000 - 0x00007ffc9d32d000 	C:\Windows\SYSTEM32\dhcpcsvc.DLL
0x00007ffc9e1b0000 - 0x00007ffc9e1be000 	C:\Program Files\Java\jdk-18.0.2.1\bin\sunmscapi.dll
0x00007ffca83f0000 - 0x00007ffca8546000 	C:\Windows\System32\CRYPT32.dll
0x00007ffca7bc0000 - 0x00007ffca7be7000 	C:\Windows\SYSTEM32\ncrypt.dll
0x00007ffca7b80000 - 0x00007ffca7bbb000 	C:\Windows\SYSTEM32\NTASN1.dll

dbghelp: loaded successfully - version: 4.0.5 - missing functions: none
symbol engine: initialized successfully - sym options: 0x614 - pdb path: .;C:\Program Files\Java\jdk-18.0.2.1\bin;C:\Windows\SYSTEM32;C:\Windows\WinSxS\amd64_microsoft.windows.common-controls_6595b64144ccf1df_6.0.19041.1110_none_60b5254171f9507e;C:\Program Files\Java\jdk-18.0.2.1\bin\server;C:\Program Files\JetBrains\IntelliJ IDEA Community Edition 2022.2.1\bin

VM Arguments:
jvm_args: -javaagent:C:\Program Files\JetBrains\IntelliJ IDEA Community Edition 2022.2.1\lib\idea_rt.jar=55233:C:\Program Files\JetBrains\IntelliJ IDEA Community Edition 2022.2.1\bin -Dfile.encoding=UTF-8 -Dsun.stdout.encoding=UTF-8 -Dsun.stderr.encoding=UTF-8 
java_command: com.stockMarketApi.StockMarketAplApplication
java_class_path (initial): C:\Users\DELL\Desktop\Secured backend\Cognizant project\stockMarketApl\stockMarketApl\target\classes;C:\Users\DELL\.m2\repository\org\springframework\boot\spring-boot-starter-data-jpa\2.7.3\spring-boot-starter-data-jpa-2.7.3.jar;C:\Users\DELL\.m2\repository\org\springframework\boot\spring-boot-starter-aop\2.7.3\spring-boot-starter-aop-2.7.3.jar;C:\Users\DELL\.m2\repository\org\aspectj\aspectjweaver\1.9.7\aspectjweaver-1.9.7.jar;C:\Users\DELL\.m2\repository\org\springframework\boot\spring-boot-starter-jdbc\2.7.3\spring-boot-starter-jdbc-2.7.3.jar;C:\Users\DELL\.m2\repository\com\zaxxer\HikariCP\4.0.3\HikariCP-4.0.3.jar;C:\Users\DELL\.m2\repository\org\springframework\spring-jdbc\5.3.22\spring-jdbc-5.3.22.jar;C:\Users\DELL\.m2\repository\jakarta\transaction\jakarta.transaction-api\1.3.3\jakarta.transaction-api-1.3.3.jar;C:\Users\DELL\.m2\repository\jakarta\persistence\jakarta.persistence-api\2.2.3\jakarta.persistence-api-2.2.3.jar;C:\Users\DELL\.m2\repository\org\hibernate\hibernate-core\5.6.10.Final\hibernate-core-5.6.10.Final.jar;C:\Users\DELL\.m2\repository\org\jboss\logging\jboss-logging\3.4.3.Final\jboss-logging-3.4.3.Final.jar;C:\Users\DELL\.m2\repository\net\bytebuddy\byte-buddy\1.12.13\byte-buddy-1.12.13.jar;C:\Users\DELL\.m2\repository\antlr\antlr\2.7.7\antlr-2.7.7.jar;C:\Users\DELL\.m2\repository\org\jboss\jandex\2.4.2.Final\jandex-2.4.2.Final.jar;C:\Users\DELL\.m2\repository\com\fasterxml\classmate\1.5.1\classmate-1.5.1.jar;C:\Users\DELL\.m2\repository\org\hibernate\common\hibernate-commons-annotations\5.1.2.Final\hibernate-commons-annotations-5.1.2.Final.jar;C:\Users\DELL\.m2\repository\org\glassfish\jaxb\jaxb-runtime\2.3.6\jaxb-runtime-2.3.6.jar;C:\Users\DELL\.m2\repository\org\glassfish\jaxb\txw2\2.3.6\txw2-2.3.6.jar;C:\Users\DELL\.m2\repository\com\sun\istack\istack-commons-runtime\3.0.12\istack-commons-runtime-3.0.12.jar;C:\Users\DELL\.m2\repository\com\sun\activation\jakarta.activation\1.2.2\jakarta.activation-1.2.2.jar;C:\Users\DELL\.m2\repository\org\springframework\data\spring-data-jpa\2.7.2\spring-data-jpa-2.7.2.jar;C:\Users\DELL\.m2\repository\org\springframework\data\spring-data-commons\2.7.2\spring-data-commons-2.7.2.jar;C:\Users\DELL\.m2\repository\org\springframework\spring-orm\5.3.22\spring-orm-5.3.22.jar;C:\Users\DELL\.m2\repository\org\springframework\spring-beans\5.3.22\spring-beans-5.3.22.jar;C:\Users\DELL\.m2\repository\org\slf4j\slf4j-api\1.7.36\slf4j-api-1.7.36.jar;C:\Users\DELL\.m2\repository\org\springframework\spring-aspects\5.3.22\spring-aspects-5.3.22.jar;C:\Users\DELL\.m2\repository\org\springframework\boot\spring-boot-starter-web\2.7.3\spring-boot-starter-web-2.7.3.jar;C:\Users\DELL\.m2\repository\org\springframework\boot\spring-boot-starter\2.7.3\spring-boot-starter-2.7.3.jar;C:\Users\DELL\.m2\repository\org\springframework\boot\spring-boot\2.7.3\spring-boot-2.7.3.jar;C:\Users\DELL\.m2\repository\org\springframework\boot\spring-boot-autoconfigure\2.7.3\spring-boot-autoconfigure-2.7.3.jar;C:\Users\DELL\.m2\repository\org\springframework\boot\spring-boot-starter-logging\2.7.3\spring-boot-starter-logging-2.7.3.jar;C:\Users\DELL\.m2\repository\ch\qos\logback\logback-classic\1.2.11\logback-classic-1.2.11.jar;C:\Users\DELL\.m2\repository\ch\qos\logback\logback-core\1.2.11\logback-core-1.2.11.jar;C:\Users\DELL\.m2\repository\org\apache\logging\log4j\log4j-to-slf4j\2.17.2\log4j-to-slf4j-2.17.2.jar;C:\Users\DELL\.m2\repository\org\apache\logging\log4j\log4j-api\2.17.2\log4j-api-2.17.2.jar;C:\Users\DELL\.m2\repository\org\slf4j\jul-to-slf4j\1.7.36\jul-to-slf4j-1.7.36.jar;C:\Users\DELL\.m2\repository\jakarta\annotation\jakarta.annotation-api\1.3.5\jakarta.annotation-api-1.3.5.jar;C:\Users\DELL\.m2\repository\org\yaml\snakeyaml\1.30\snakeyaml-1.30.jar;C:\Users\DELL\.m2\repository\org\springframework\boot\spring-boot-starter-json\2.7.3\spring-boot-starter-json-2.7.3.jar;C:\Users\DELL\.m2\repository\com\fasterxml\jackson\datatype\jackson-datatype-jdk8\2.13.3\jackson-datatype-jdk8-2.13.3.jar;C:\Users\DELL\.m2\repository\com\fasterxml\jackson\datatype\jackson-datatype-jsr310\2.13.3\jackson-datatype-jsr310-2.13.3.jar;C:\Users\DELL\.m2\repository\com\fasterxml\jackson\module\jackson-module-parameter-names\2.13.3\jackson-module-parameter-names-2.13.3.jar;C:\Users\DELL\.m2\repository\org\springframework\boot\spring-boot-starter-tomcat\2.7.3\spring-boot-starter-tomcat-2.7.3.jar;C:\Users\DELL\.m2\repository\org\apache\tomcat\embed\tomcat-embed-core\9.0.65\tomcat-embed-core-9.0.65.jar;C:\Users\DELL\.m2\repository\org\apache\tomcat\embed\tomcat-embed-el\9.0.65\tomcat-embed-el-9.0.65.jar;C:\Users\DELL\.m2\repository\org\apache\tomcat\embed\tomcat-embed-websocket\9.0.65\tomcat-embed-websocket-9.0.65.jar;C:\Users\DELL\.m2\repository\org\springframework\spring-web\5.3.22\spring-web-5.3.22.jar;C:\Users\DELL\.m2\repository\org\springframework\spring-webmvc\5.3.22\spring-webmvc-5.3.22.jar;C:\Users\DELL\.m2\repository\org\springframework\spring-expression\5.3.22\spring-expression-5.3.22.jar;C:\Users\DELL\.m2\repository\com\h2database\h2\2.1.214\h2-2.1.214.jar;C:\Users\DELL\.m2\repository\org\springframework\kafka\spring-kafka\2.8.8\spring-kafka-2.8.8.jar;C:\Users\DELL\.m2\repository\org\springframework\spring-context\5.3.22\spring-context-5.3.22.jar;C:\Users\DELL\.m2\repository\org\springframework\spring-messaging\5.3.22\spring-messaging-5.3.22.jar;C:\Users\DELL\.m2\repository\org\springframework\spring-tx\5.3.22\spring-tx-5.3.22.jar;C:\Users\DELL\.m2\repository\org\springframework\retry\spring-retry\1.3.3\spring-retry-1.3.3.jar;C:\Users\DELL\.m2\repository\org\apache\kafka\kafka-clients\3.1.1\kafka-clients-3.1.1.jar;C:\Users\DELL\.m2\repository\com\github\luben\zstd-jni\1.5.0-4\zstd-jni-1.5.0-4.jar;C:\Users\DELL\.m2\repository\org\lz4\lz4-java\1.8.0\lz4-java-1.8.0.jar;C:\Users\DELL\.m2\repository\org\xerial\snappy\snappy-java\1.1.8.4\snappy-java-1.1.8.4.jar;C:\Users\DELL\.m2\repository\com\google\code\findbugs\jsr305\3.0.2\jsr305-3.0.2.jar;C:\Users\DELL\.m2\repository\org\springframework\boot\spring-boot-starter-security\2.7.3\spring-boot-starter-security-2.7.3.jar;C:\Users\DELL\.m2\repository\org\springframework\spring-aop\5.3.22\spring-aop-5.3.22.jar;C:\Users\DELL\.m2\repository\org\springframework\security\spring-security-config\5.7.3\spring-security-config-5.7.3.jar;C:\Users\DELL\.m2\repository\org\springframework\security\spring-security-core\5.7.3\spring-security-core-5.7.3.jar;C:\Users\DELL\.m2\repository\org\springframework\security\spring-security-crypto\5.7.3\spring-security-crypto-5.7.3.jar;C:\Users\DELL\.m2\repository\org\springframework\security\spring-security-web\5.7.3\spring-security-web-5.7.3.jar;C:\Users\DELL\.m2\repository\org\springframework\boot\spring-boot-starter-actuator\2.7.3\spring-boot-starter-actuator-2.7.3.jar;C:\Users\DELL\.m2\repository\org\springframework\boot\spring-boot-actuator-autoconfigure\2.7.3\spring-boot-actuator-autoconfigure-2.7.3.jar;C:\Users\DELL\.m2\repository\org\springframework\boot\spring-boot-actuator\2.7.3\spring-boot-actuator-2.7.3.jar;C:\Users\DELL\.m2\repository\io\micrometer\micrometer-core\1.9.3\micrometer-core-1.9.3.jar;C:\Users\DELL\.m2\repository\org\hdrhistogram\HdrHistogram\2.1.12\HdrHistogram-2.1.12.jar;C:\Users\DELL\.m2\repository\org\latencyutils\LatencyUtils\2.0.3\LatencyUtils-2.0.3.jar;C:\Users\DELL\.m2\repository\io\micrometer\micrometer-registry-prometheus\1.9.3\micrometer-registry-prometheus-1.9.3.jar;C:\Users\DELL\.m2\repository\io\prometheus\simpleclient_common\0.15.0\simpleclient_common-0.15.0.jar;C:\Users\DELL\.m2\repository\io\prometheus\simpleclient\0.15.0\simpleclient-0.15.0.jar;C:\Users\DELL\.m2\repository\io\prometheus\simpleclient_tracer_otel\0.15.0\simpleclient_tracer_otel-0.15.0.jar;C:\Users\DELL\.m2\repository\io\prometheus\simpleclient_tracer_common\0.15.0\simpleclient_tracer_common-0.15.0.jar;C:\Users\DELL\.m2\repository\io\prometheus\simpleclient_tracer_otel_agent\0.15.0\simpleclient_tracer_otel_agent-0.15.0.jar;C:\Users\DELL\.m2\repository\mysql\mysql-connector-java\8.0.30\mysql-connector-java-8.0.30.jar;C:\Users\DELL\.m2\repository\org\projectlombok\lombok\1.18.24\lombok-1.18.24.jar;C:\Users\DELL\.m2\repository\jakarta\xml\bind\jakarta.xml.bind-api\2.3.3\jakarta.xml.bind-api-2.3.3.jar;C:\Users\DELL\.m2\repository\jakarta\activation\jakarta.activation-api\1.2.2\jakarta.activation-api-1.2.2.jar;C:\Users\DELL\.m2\repository\org\springframework\spring-core\5.3.22\spring-core-5.3.22.jar;C:\Users\DELL\.m2\repository\org\springframework\spring-jcl\5.3.22\spring-jcl-5.3.22.jar;C:\Users\DELL\.m2\repository\io\jsonwebtoken\jjwt\0.9.1\jjwt-0.9.1.jar;C:\Users\DELL\.m2\repository\com\fasterxml\jackson\core\jackson-databind\2.13.3\jackson-databind-2.13.3.jar;C:\Users\DELL\.m2\repository\com\fasterxml\jackson\core\jackson-annotations\2.13.3\jackson-annotations-2.13.3.jar;C:\Users\DELL\.m2\repository\com\fasterxml\jackson\core\jackson-core\2.13.3\jackson-core-2.13.3.jar
Launcher Type: SUN_STANDARD

[Global flags]
     intx CICompilerCount                          = 3                                         {product} {ergonomic}
     uint ConcGCThreads                            = 1                                         {product} {ergonomic}
     uint G1ConcRefinementThreads                  = 4                                         {product} {ergonomic}
   size_t G1HeapRegionSize                         = 1048576                                   {product} {ergonomic}
    uintx GCDrainStackTargetSize                   = 64                                        {product} {ergonomic}
   size_t InitialHeapSize                          = 65011712                                  {product} {ergonomic}
   size_t MarkStackSize                            = 4194304                                   {product} {ergonomic}
   size_t MaxHeapSize                              = 1010827264                                {product} {ergonomic}
   size_t MaxNewSize                               = 606076928                                 {product} {ergonomic}
   size_t MinHeapDeltaBytes                        = 1048576                                   {product} {ergonomic}
   size_t MinHeapSize                              = 8388608                                   {product} {ergonomic}
    uintx NonNMethodCodeHeapSize                   = 5832780                                {pd product} {ergonomic}
    uintx NonProfiledCodeHeapSize                  = 122912730                              {pd product} {ergonomic}
    uintx ProfiledCodeHeapSize                     = 122912730                              {pd product} {ergonomic}
    uintx ReservedCodeCacheSize                    = 251658240                              {pd product} {ergonomic}
     bool SegmentedCodeCache                       = true                                      {product} {ergonomic}
   size_t SoftMaxHeapSize                          = 1010827264                             {manageable} {ergonomic}
     bool UseCompressedClassPointers               = true                           {product lp64_product} {ergonomic}
     bool UseCompressedOops                        = true                           {product lp64_product} {ergonomic}
     bool UseG1GC                                  = true                                      {product} {ergonomic}
     bool UseLargePagesIndividualAllocation        = false                                  {pd product} {ergonomic}

Logging:
Log output configuration:
 #0: stdout all=warning uptime,level,tags foldmultilines=false
 #1: stderr all=off uptime,level,tags foldmultilines=false

Environment Variables:
PATH=C:\Program Files\Common Files\Oracle\Java\javapath;C:\Windows\system32;C:\Windows;C:\Windows\System32\Wbem;C:\Windows\System32\WindowsPowerShell\v1.0\;C:\Windows\System32\OpenSSH\;C:\Program Files\nodejs\;C:\Program Files\dotnet\;C:\Program Files\Docker\Docker\resources\bin;C:\ProgramData\DockerDesktop\version-bin;C:\Program Files\MySQL\MySQL Shell 8.0\bin\;C:\Users\DELL\AppData\Local\Microsoft\WindowsApps;C:\Users\DELL\AppData\Local\Programs\Microsoft VS Code\bin;C:\Program Files\JetBrains\IntelliJ IDEA Community Edition 2022.2.1\bin;;C:\Users\DELL\AppData\Roaming\npm;C:\Program Files\nodejs\node_modules\npm\bin;
USERNAME=DELL
OS=Windows_NT
PROCESSOR_IDENTIFIER=Intel64 Family 6 Model 142 Stepping 11, GenuineIntel



---------------  S Y S T E M  ---------------

OS:
 Windows 10 , 64 bit Build 19041 (10.0.19041.1889)
OS uptime: 6 days 6:49 hours
Hyper-V role detected

CPU: total 4 (initial active 4) (2 cores per cpu, 2 threads per core) family 6 model 142 stepping 11 microcode 0xec, cx8, cmov, fxsr, ht, mmx, 3dnowpref, sse, sse2, sse3, ssse3, sse4.1, sse4.2, popcnt, lzcnt, tsc, tscinvbit, avx, avx2, aes, erms, clmul, bmi1, bmi2, adx, fma, vzeroupper, clflush, clflushopt, hv

Memory: 4k page, system-wide physical 3849M (101M free)
TotalPageFile size 15625M (AvailPageFile size 0M)
current process WorkingSet (physical memory assigned to process): 46M, peak: 191M
current process commit charge ("private bytes"): 259M, peak: 266M

vm_info: Java HotSpot(TM) 64-Bit Server VM (18.0.2.1+1-1) for windows-amd64 JRE (18.0.2.1+1-1), built on Aug 16 2022 01:46:33 by "mach5one" with MS VC++ 16.8 / 16.9 (VS2019)

END.
