#
# There is insufficient memory for the Java Runtime Environment to continue.
# Native memory allocation (mmap) failed to map 65536 bytes for Failed to commit metaspace.
# Possible reasons:
#   The system is out of physical RAM or swap space
#   The process is running with CompressedOops enabled, and the Java Heap may be blocking the growth of the native heap
# Possible solutions:
#   Reduce memory load on the system
#   Increase physical memory or swap space
#   Check if swap backing store is full
#   Decrease Java heap size (-Xmx/-Xms)
#   Decrease number of Java threads
#   Decrease Java thread stack sizes (-Xss)
#   Set larger code cache with -XX:ReservedCodeCacheSize=
#   JVM is running with Unscaled Compressed Oops mode in which the Java heap is
#     placed in the first 4GB address space. The Java Heap base address is the
#     maximum limit for the native heap growth. Please use -XX:HeapBaseMinAddress
#     to set the Java Heap base and to place the Java Heap above 4GB virtual address.
# This output file may be truncated or incomplete.
#
#  Out of Memory Error (virtualSpaceNode.cpp:110), pid=4732, tid=14696
#
# JRE version: Java(TM) SE Runtime Environment (18.0.2.1+1) (build 18.0.2.1+1-1)
# Java VM: Java HotSpot(TM) 64-Bit Server VM (18.0.2.1+1-1, mixed mode, sharing, tiered, compressed oops, compressed class ptrs, g1 gc, windows-amd64)
# No core dump will be written. Minidumps are not enabled by default on client versions of Windows
#

---------------  S U M M A R Y ------------

Command Line: -javaagent:C:\Program Files\JetBrains\IntelliJ IDEA Community Edition 2022.2.1\lib\idea_rt.jar=52305:C:\Program Files\JetBrains\IntelliJ IDEA Community Edition 2022.2.1\bin -Dfile.encoding=UTF-8 -Dsun.stdout.encoding=UTF-8 -Dsun.stderr.encoding=UTF-8 com.stockMarketApi.StockMarketAplApplication

Host: Intel(R) Core(TM) i3-8145U CPU @ 2.10GHz, 4 cores, 3G,  Windows 10 , 64 bit Build 19041 (10.0.19041.1889)
Time: Fri Oct 21 11:19:28 2022 India Standard Time elapsed time: 2.795647 seconds (0d 0h 0m 2s)

---------------  T H R E A D  ---------------

Current thread (0x0000020ad88d6370):  JavaThread "C1 CompilerThread0" daemon [_thread_in_vm, id=14696, stack(0x00000038e4e00000,0x00000038e4f00000)]


Current CompileTask:
C1:   2795  708       3       java.lang.ClassLoader::loadClass (7 bytes)

Stack: [0x00000038e4e00000,0x00000038e4f00000]
Native frames: (J=compiled Java code, j=interpreted, Vv=VM code, C=native code)
V  [jvm.dll+0x6993aa]
V  [jvm.dll+0x7f46dd]
V  [jvm.dll+0x7f5fee]
V  [jvm.dll+0x7f66a3]
V  [jvm.dll+0x25cf1f]
V  [jvm.dll+0x7f03eb]
V  [jvm.dll+0x63f526]
V  [jvm.dll+0x63f58a]
V  [jvm.dll+0x641e0e]
V  [jvm.dll+0x641cce]
V  [jvm.dll+0x63feee]
V  [jvm.dll+0x65184a]
V  [jvm.dll+0x64a73a]
V  [jvm.dll+0x1e4aa0]
V  [jvm.dll+0x1e4c86]
V  [jvm.dll+0x1487de]
V  [jvm.dll+0x148b26]
V  [jvm.dll+0x147f9a]
V  [jvm.dll+0x149c81]
V  [jvm.dll+0x23ee0a]
V  [jvm.dll+0x23d0f5]
V  [jvm.dll+0x7a6dd1]
V  [jvm.dll+0x7a120a]
V  [jvm.dll+0x698255]
C  [ucrtbase.dll+0x21bb2]
C  [KERNEL32.DLL+0x17034]
C  [ntdll.dll+0x526a1]


---------------  P R O C E S S  ---------------

Threads class SMR info:
_java_thread_list=0x0000020af9cfaee0, length=13, elements={
0x0000020ad881c650, 0x0000020ad88b9130, 0x0000020ad88ba4b0, 0x0000020ad88d0330,
0x0000020ad88d0be0, 0x0000020ad88d34a0, 0x0000020ad88d3d50, 0x0000020ad88d4930,
0x0000020ad88d6370, 0x0000020ad88da3e0, 0x0000020af9c1c060, 0x0000020af9e190f0,
0x0000020af9e195b0
}

Java Threads: ( => current thread )
  0x0000020ad881c650 JavaThread "main" [_thread_in_vm, id=16044, stack(0x00000038e4000000,0x00000038e4100000)]
  0x0000020ad88b9130 JavaThread "Reference Handler" daemon [_thread_blocked, id=9608, stack(0x00000038e4700000,0x00000038e4800000)]
  0x0000020ad88ba4b0 JavaThread "Finalizer" daemon [_thread_blocked, id=3452, stack(0x00000038e4800000,0x00000038e4900000)]
  0x0000020ad88d0330 JavaThread "Signal Dispatcher" daemon [_thread_blocked, id=10512, stack(0x00000038e4900000,0x00000038e4a00000)]
  0x0000020ad88d0be0 JavaThread "Attach Listener" daemon [_thread_blocked, id=7388, stack(0x00000038e4a00000,0x00000038e4b00000)]
  0x0000020ad88d34a0 JavaThread "Service Thread" daemon [_thread_blocked, id=17396, stack(0x00000038e4b00000,0x00000038e4c00000)]
  0x0000020ad88d3d50 JavaThread "Monitor Deflation Thread" daemon [_thread_blocked, id=9788, stack(0x00000038e4c00000,0x00000038e4d00000)]
  0x0000020ad88d4930 JavaThread "C2 CompilerThread0" daemon [_thread_blocked, id=6868, stack(0x00000038e4d00000,0x00000038e4e00000)]
=>0x0000020ad88d6370 JavaThread "C1 CompilerThread0" daemon [_thread_in_vm, id=14696, stack(0x00000038e4e00000,0x00000038e4f00000)]
  0x0000020ad88da3e0 JavaThread "Sweeper thread" daemon [_thread_blocked, id=3108, stack(0x00000038e4f00000,0x00000038e5000000)]
  0x0000020af9c1c060 JavaThread "Common-Cleaner" daemon [_thread_blocked, id=9772, stack(0x00000038e5000000,0x00000038e5100000)]
  0x0000020af9e190f0 JavaThread "Monitor Ctrl-Break" daemon [_thread_in_native, id=1324, stack(0x00000038e5100000,0x00000038e5200000)]
  0x0000020af9e195b0 JavaThread "Notification Thread" daemon [_thread_blocked, id=3296, stack(0x00000038e5200000,0x00000038e5300000)]

Other Threads:
  0x0000020ad88b6220 VMThread "VM Thread" [stack: 0x00000038e4600000,0x00000038e4700000] [id=16264]
  0x0000020af9e15890 WatcherThread "VM Periodic Task Thread" [stack: 0x00000038e5300000,0x00000038e5400000] [id=12256]
  0x0000020ad885cf30 WorkerThread "GC Thread#0" [stack: 0x00000038e4100000,0x00000038e4200000] [id=12128]
  0x0000020ad8866600 ConcurrentGCThread "G1 Main Marker" [stack: 0x00000038e4200000,0x00000038e4300000] [id=17080]
  0x0000020ad8868f20 WorkerThread "G1 Conc#0" [stack: 0x00000038e4300000,0x00000038e4400000] [id=8160]
  0x0000020ad8892eb0 ConcurrentGCThread "G1 Refine#0" [stack: 0x00000038e4400000,0x00000038e4500000] [id=10180]
  0x0000020ad88936d0 ConcurrentGCThread "G1 Service" [stack: 0x00000038e4500000,0x00000038e4600000] [id=11848]

Threads with active compile tasks:
C1 CompilerThread0     2884  708       3       java.lang.ClassLoader::loadClass (7 bytes)

VM state: not at safepoint (normal execution)

VM Mutex/Monitor currently owned by a thread:  ([mutex/lock_event])
[0x0000020ad8815eb0] Metaspace_lock - owner thread: 0x0000020ad88d6370
[0x0000020ad8817880] MethodData_lock - owner thread: 0x0000020ad88d6370

Heap address: 0x00000000c3c00000, size: 964 MB, Compressed Oops mode: 32-bit

CDS archive(s) mapped at: [0x0000000800000000-0x0000000800ba0000-0x0000000800ba0000), size 12189696, SharedBaseAddress: 0x0000000800000000, ArchiveRelocationMode: 0.
Compressed class space mapped at: 0x0000000800c00000-0x0000000840c00000, reserved size: 1073741824
Narrow klass base: 0x0000000800000000, Narrow klass shift: 0, Narrow klass range: 0x100000000

GC Precious Log:
 CardTable entry size: 512
 Card Set container configuration: InlinePtr #cards 5 size 8 Array Of Cards #cards 12 size 40 Howl #buckets 4 coarsen threshold 1843 Howl Bitmap #cards 512 size 80 coarsen threshold 460 Card regions per heap region 1 cards per card region 2048
 CPUs: 4 total, 4 available
 Memory: 3849M
 Large Page Support: Disabled
 NUMA Support: Disabled
 Compressed Oops: Enabled (32-bit)
 Heap Region Size: 1M
 Heap Min Capacity: 8M
 Heap Initial Capacity: 62M
 Heap Max Capacity: 964M
 Pre-touch: Disabled
 Parallel Workers: 4
 Concurrent Workers: 1
 Concurrent Refinement Workers: 4
 Periodic GC: Disabled

Heap:
 garbage-first heap   total 63488K, used 11264K [0x00000000c3c00000, 0x0000000100000000)
  region size 1024K, 12 young (12288K), 0 survivors (0K)
 Metaspace       used 2482K, committed 2560K, reserved 1114112K
  class space    used 222K, committed 256K, reserved 1048576K

Heap Regions: E=young(eden), S=young(survivor), O=old, HS=humongous(starts), HC=humongous(continues), CS=collection set, F=free, OA=open archive, CA=closed archive, TAMS=top-at-mark-start (previous, next)
|   0|0x00000000c3c00000, 0x00000000c3d00000, 0x00000000c3d00000|100%|HS|  |TAMS 0x00000000c3c00000, 0x00000000c3c00000| Complete 
|   1|0x00000000c3d00000, 0x00000000c3d00000, 0x00000000c3e00000|  0%| F|  |TAMS 0x00000000c3d00000, 0x00000000c3d00000| Untracked 
|   2|0x00000000c3e00000, 0x00000000c3e00000, 0x00000000c3f00000|  0%| F|  |TAMS 0x00000000c3e00000, 0x00000000c3e00000| Untracked 
|   3|0x00000000c3f00000, 0x00000000c3f00000, 0x00000000c4000000|  0%| F|  |TAMS 0x00000000c3f00000, 0x00000000c3f00000| Untracked 
|   4|0x00000000c4000000, 0x00000000c4000000, 0x00000000c4100000|  0%| F|  |TAMS 0x00000000c4000000, 0x00000000c4000000| Untracked 
|   5|0x00000000c4100000, 0x00000000c4100000, 0x00000000c4200000|  0%| F|  |TAMS 0x00000000c4100000, 0x00000000c4100000| Untracked 
|   6|0x00000000c4200000, 0x00000000c4200000, 0x00000000c4300000|  0%| F|  |TAMS 0x00000000c4200000, 0x00000000c4200000| Untracked 
|   7|0x00000000c4300000, 0x00000000c4300000, 0x00000000c4400000|  0%| F|  |TAMS 0x00000000c4300000, 0x00000000c4300000| Untracked 
|   8|0x00000000c4400000, 0x00000000c4400000, 0x00000000c4500000|  0%| F|  |TAMS 0x00000000c4400000, 0x00000000c4400000| Untracked 
|   9|0x00000000c4500000, 0x00000000c4500000, 0x00000000c4600000|  0%| F|  |TAMS 0x00000000c4500000, 0x00000000c4500000| Untracked 
|  10|0x00000000c4600000, 0x00000000c4600000, 0x00000000c4700000|  0%| F|  |TAMS 0x00000000c4600000, 0x00000000c4600000| Untracked 
|  11|0x00000000c4700000, 0x00000000c4700000, 0x00000000c4800000|  0%| F|  |TAMS 0x00000000c4700000, 0x00000000c4700000| Untracked 
|  12|0x00000000c4800000, 0x00000000c4800000, 0x00000000c4900000|  0%| F|  |TAMS 0x00000000c4800000, 0x00000000c4800000| Untracked 
|  13|0x00000000c4900000, 0x00000000c4900000, 0x00000000c4a00000|  0%| F|  |TAMS 0x00000000c4900000, 0x00000000c4900000| Untracked 
|  14|0x00000000c4a00000, 0x00000000c4a00000, 0x00000000c4b00000|  0%| F|  |TAMS 0x00000000c4a00000, 0x00000000c4a00000| Untracked 
|  15|0x00000000c4b00000, 0x00000000c4b00000, 0x00000000c4c00000|  0%| F|  |TAMS 0x00000000c4b00000, 0x00000000c4b00000| Untracked 
|  16|0x00000000c4c00000, 0x00000000c4c00000, 0x00000000c4d00000|  0%| F|  |TAMS 0x00000000c4c00000, 0x00000000c4c00000| Untracked 
|  17|0x00000000c4d00000, 0x00000000c4d00000, 0x00000000c4e00000|  0%| F|  |TAMS 0x00000000c4d00000, 0x00000000c4d00000| Untracked 
|  18|0x00000000c4e00000, 0x00000000c4e00000, 0x00000000c4f00000|  0%| F|  |TAMS 0x00000000c4e00000, 0x00000000c4e00000| Untracked 
|  19|0x00000000c4f00000, 0x00000000c4f00000, 0x00000000c5000000|  0%| F|  |TAMS 0x00000000c4f00000, 0x00000000c4f00000| Untracked 
|  20|0x00000000c5000000, 0x00000000c5000000, 0x00000000c5100000|  0%| F|  |TAMS 0x00000000c5000000, 0x00000000c5000000| Untracked 
|  21|0x00000000c5100000, 0x00000000c5100000, 0x00000000c5200000|  0%| F|  |TAMS 0x00000000c5100000, 0x00000000c5100000| Untracked 
|  22|0x00000000c5200000, 0x00000000c5200000, 0x00000000c5300000|  0%| F|  |TAMS 0x00000000c5200000, 0x00000000c5200000| Untracked 
|  23|0x00000000c5300000, 0x00000000c5300000, 0x00000000c5400000|  0%| F|  |TAMS 0x00000000c5300000, 0x00000000c5300000| Untracked 
|  24|0x00000000c5400000, 0x00000000c5400000, 0x00000000c5500000|  0%| F|  |TAMS 0x00000000c5400000, 0x00000000c5400000| Untracked 
|  25|0x00000000c5500000, 0x00000000c5500000, 0x00000000c5600000|  0%| F|  |TAMS 0x00000000c5500000, 0x00000000c5500000| Untracked 
|  26|0x00000000c5600000, 0x00000000c5600000, 0x00000000c5700000|  0%| F|  |TAMS 0x00000000c5600000, 0x00000000c5600000| Untracked 
|  27|0x00000000c5700000, 0x00000000c5700000, 0x00000000c5800000|  0%| F|  |TAMS 0x00000000c5700000, 0x00000000c5700000| Untracked 
|  28|0x00000000c5800000, 0x00000000c5800000, 0x00000000c5900000|  0%| F|  |TAMS 0x00000000c5800000, 0x00000000c5800000| Untracked 
|  29|0x00000000c5900000, 0x00000000c5900000, 0x00000000c5a00000|  0%| F|  |TAMS 0x00000000c5900000, 0x00000000c5900000| Untracked 
|  30|0x00000000c5a00000, 0x00000000c5a00000, 0x00000000c5b00000|  0%| F|  |TAMS 0x00000000c5a00000, 0x00000000c5a00000| Untracked 
|  31|0x00000000c5b00000, 0x00000000c5b00000, 0x00000000c5c00000|  0%| F|  |TAMS 0x00000000c5b00000, 0x00000000c5b00000| Untracked 
|  32|0x00000000c5c00000, 0x00000000c5c00000, 0x00000000c5d00000|  0%| F|  |TAMS 0x00000000c5c00000, 0x00000000c5c00000| Untracked 
|  33|0x00000000c5d00000, 0x00000000c5d00000, 0x00000000c5e00000|  0%| F|  |TAMS 0x00000000c5d00000, 0x00000000c5d00000| Untracked 
|  34|0x00000000c5e00000, 0x00000000c5e00000, 0x00000000c5f00000|  0%| F|  |TAMS 0x00000000c5e00000, 0x00000000c5e00000| Untracked 
|  35|0x00000000c5f00000, 0x00000000c5f00000, 0x00000000c6000000|  0%| F|  |TAMS 0x00000000c5f00000, 0x00000000c5f00000| Untracked 
|  36|0x00000000c6000000, 0x00000000c6000000, 0x00000000c6100000|  0%| F|  |TAMS 0x00000000c6000000, 0x00000000c6000000| Untracked 
|  37|0x00000000c6100000, 0x00000000c6100000, 0x00000000c6200000|  0%| F|  |TAMS 0x00000000c6100000, 0x00000000c6100000| Untracked 
|  38|0x00000000c6200000, 0x00000000c6200000, 0x00000000c6300000|  0%| F|  |TAMS 0x00000000c6200000, 0x00000000c6200000| Untracked 
|  39|0x00000000c6300000, 0x00000000c6300000, 0x00000000c6400000|  0%| F|  |TAMS 0x00000000c6300000, 0x00000000c6300000| Untracked 
|  40|0x00000000c6400000, 0x00000000c6400000, 0x00000000c6500000|  0%| F|  |TAMS 0x00000000c6400000, 0x00000000c6400000| Untracked 
|  41|0x00000000c6500000, 0x00000000c6500000, 0x00000000c6600000|  0%| F|  |TAMS 0x00000000c6500000, 0x00000000c6500000| Untracked 
|  42|0x00000000c6600000, 0x00000000c6600000, 0x00000000c6700000|  0%| F|  |TAMS 0x00000000c6600000, 0x00000000c6600000| Untracked 
|  43|0x00000000c6700000, 0x00000000c6700000, 0x00000000c6800000|  0%| F|  |TAMS 0x00000000c6700000, 0x00000000c6700000| Untracked 
|  44|0x00000000c6800000, 0x00000000c6800000, 0x00000000c6900000|  0%| F|  |TAMS 0x00000000c6800000, 0x00000000c6800000| Untracked 
|  45|0x00000000c6900000, 0x00000000c6900000, 0x00000000c6a00000|  0%| F|  |TAMS 0x00000000c6900000, 0x00000000c6900000| Untracked 
|  46|0x00000000c6a00000, 0x00000000c6a00000, 0x00000000c6b00000|  0%| F|  |TAMS 0x00000000c6a00000, 0x00000000c6a00000| Untracked 
|  47|0x00000000c6b00000, 0x00000000c6b00000, 0x00000000c6c00000|  0%| F|  |TAMS 0x00000000c6b00000, 0x00000000c6b00000| Untracked 
|  48|0x00000000c6c00000, 0x00000000c6c00000, 0x00000000c6d00000|  0%| F|  |TAMS 0x00000000c6c00000, 0x00000000c6c00000| Untracked 
|  49|0x00000000c6d00000, 0x00000000c6d00000, 0x00000000c6e00000|  0%| F|  |TAMS 0x00000000c6d00000, 0x00000000c6d00000| Untracked 
|  50|0x00000000c6e00000, 0x00000000c6e43150, 0x00000000c6f00000| 26%| E|  |TAMS 0x00000000c6e00000, 0x00000000c6e00000| Complete 
|  51|0x00000000c6f00000, 0x00000000c7000000, 0x00000000c7000000|100%| E|CS|TAMS 0x00000000c6f00000, 0x00000000c6f00000| Complete 
|  52|0x00000000c7000000, 0x00000000c7100000, 0x00000000c7100000|100%| E|CS|TAMS 0x00000000c7000000, 0x00000000c7000000| Complete 
|  53|0x00000000c7100000, 0x00000000c7200000, 0x00000000c7200000|100%| E|CS|TAMS 0x00000000c7100000, 0x00000000c7100000| Complete 
|  54|0x00000000c7200000, 0x00000000c7300000, 0x00000000c7300000|100%| E|CS|TAMS 0x00000000c7200000, 0x00000000c7200000| Complete 
|  55|0x00000000c7300000, 0x00000000c7400000, 0x00000000c7400000|100%| E|CS|TAMS 0x00000000c7300000, 0x00000000c7300000| Complete 
|  56|0x00000000c7400000, 0x00000000c7500000, 0x00000000c7500000|100%| E|CS|TAMS 0x00000000c7400000, 0x00000000c7400000| Complete 
|  57|0x00000000c7500000, 0x00000000c7600000, 0x00000000c7600000|100%| E|  |TAMS 0x00000000c7500000, 0x00000000c7500000| Complete 
|  58|0x00000000c7600000, 0x00000000c7700000, 0x00000000c7700000|100%| E|CS|TAMS 0x00000000c7600000, 0x00000000c7600000| Complete 
|  59|0x00000000c7700000, 0x00000000c7800000, 0x00000000c7800000|100%| E|CS|TAMS 0x00000000c7700000, 0x00000000c7700000| Complete 
|  60|0x00000000c7800000, 0x00000000c7900000, 0x00000000c7900000|100%| E|CS|TAMS 0x00000000c7800000, 0x00000000c7800000| Complete 
|  61|0x00000000c7900000, 0x00000000c7a00000, 0x00000000c7a00000|100%| E|CS|TAMS 0x00000000c7900000, 0x00000000c7900000| Complete 

Card table byte_map: [0x0000020af1180000,0x0000020af1370000] _byte_map_base: 0x0000020af0b62000

Marking Bits (Prev, Next): (CMBitMap*) 0x0000020ad885e450, (CMBitMap*) 0x0000020ad885e490
 Prev Bits: [0x0000020af1560000, 0x0000020af2470000)
 Next Bits: [0x0000020af2470000, 0x0000020af3380000)

Polling page: 0x0000020ad8600000

Metaspace:

Usage:
  Non-class:      2.21 MB used.
      Class:    222.58 KB used.
       Both:      2.42 MB used.

Virtual space:
  Non-class space:       64.00 MB reserved,       2.25 MB (  4%) committed,  1 nodes.
      Class space:        1.00 GB reserved,     256.00 KB ( <1%) committed,  1 nodes.
             Both:        1.06 GB reserved,       2.50 MB ( <1%) committed. 

Chunk freelists:
   Non-Class:  3.28 MB
       Class:  3.64 MB
        Both:  6.92 MB

MaxMetaspaceSize: unlimited
CompressedClassSpaceSize: 1.00 GB
Initial GC threshold: 21.00 MB
Current GC threshold: 21.00 MB
CDS: on
MetaspaceReclaimPolicy: balanced
 - commit_granule_bytes: 65536.
 - commit_granule_words: 8192.
 - virtual_space_node_default_size: 8388608.
 - enlarge_chunks_in_place: 1.
 - new_chunks_are_fully_committed: 0.
 - uncommit_free_chunks: 1.
 - use_allocation_guard: 0.


Internal statistics:

num_allocs_failed_limit: 0.
num_arena_births: 28.
num_arena_deaths: 0.
num_vsnodes_births: 2.
num_vsnodes_deaths: 0.
num_space_committed: 40.
num_space_uncommitted: 0.
num_chunks_returned_to_freelist: 0.
num_chunks_taken_from_freelist: 73.
num_chunk_merges: 0.
num_chunk_splits: 45.
num_chunks_enlarged: 33.
num_inconsistent_stats: 0.

CodeHeap 'non-profiled nmethods': size=120000Kb used=233Kb max_used=233Kb free=119766Kb
 bounds [0x0000020ae9440000, 0x0000020ae96b0000, 0x0000020af0970000]
CodeHeap 'profiled nmethods': size=120000Kb used=1210Kb max_used=1210Kb free=118789Kb
 bounds [0x0000020ae1f10000, 0x0000020ae2180000, 0x0000020ae9440000]
CodeHeap 'non-nmethods': size=5760Kb used=1151Kb max_used=1170Kb free=4608Kb
 bounds [0x0000020ae1970000, 0x0000020ae1be0000, 0x0000020ae1f10000]
 total_blobs=1136 nmethods=707 adapters=342
 compilation: enabled
              stopped_count=0, restarted_count=0
 full_count=0

Compilation events (20 events):
Event: 2.785 Thread 0x0000020ad88d6370 nmethod 699 0x0000020ae2039a10 code [0x0000020ae2039bc0, 0x0000020ae2039dd8]
Event: 2.785 Thread 0x0000020ad88d6370  700       3       java.lang.ClassLoader::findBootstrapClassOrNull (14 bytes)
Event: 2.785 Thread 0x0000020ad88d6370 nmethod 700 0x0000020ae2039f10 code [0x0000020ae203a0c0, 0x0000020ae203a278]
Event: 2.785 Thread 0x0000020ad88d6370  701       3       java.util.Collections$SetFromMap::add (22 bytes)
Event: 2.785 Thread 0x0000020ad88d6370 nmethod 701 0x0000020ae203a310 code [0x0000020ae203a4c0, 0x0000020ae203a708]
Event: 2.787 Thread 0x0000020ad88d6370  702       3       java.io.File::exists (34 bytes)
Event: 2.787 Thread 0x0000020ad88d6370 nmethod 702 0x0000020ae203a810 code [0x0000020ae203a9e0, 0x0000020ae203adf8]
Event: 2.787 Thread 0x0000020ad88d6370  703   !   3       java.util.zip.ZipFile$ZipFileInputStream::read (135 bytes)
Event: 2.788 Thread 0x0000020ad88d6370 nmethod 703 0x0000020ae203af90 code [0x0000020ae203b1a0, 0x0000020ae203b838]
Event: 2.788 Thread 0x0000020ad88d6370  704       3       java.util.zip.ZipFile::ensureOpenOrZipException (19 bytes)
Event: 2.788 Thread 0x0000020ad88d6370 nmethod 704 0x0000020ae203bb90 code [0x0000020ae203bd40, 0x0000020ae203bf08]
Event: 2.788 Thread 0x0000020ad88d6370  705       3       java.util.zip.ZipFile$ZipFileInputStream::initDataOffset (117 bytes)
Event: 2.789 Thread 0x0000020ad88d6370 nmethod 705 0x0000020ae203c010 code [0x0000020ae203c220, 0x0000020ae203c9c8]
Event: 2.789 Thread 0x0000020ad88d6370  706       3       java.util.WeakHashMap::put (160 bytes)
Event: 2.789 Thread 0x0000020ad88d4930 nmethod 692 0x0000020ae9478090 code [0x0000020ae9478240, 0x0000020ae9478808]
Event: 2.789 Thread 0x0000020ad88d4930  693   !   4       java.util.zip.ZipFile::getEntry (59 bytes)
Event: 2.790 Thread 0x0000020ad88d6370 nmethod 706 0x0000020ae203cd10 code [0x0000020ae203cfa0, 0x0000020ae203df68]
Event: 2.791 Thread 0x0000020ad88d6370  707       3       java.util.WeakHashMap$Entry::<init> (24 bytes)
Event: 2.791 Thread 0x0000020ad88d6370 nmethod 707 0x0000020ae203e490 code [0x0000020ae203e640, 0x0000020ae203ea38]
Event: 2.791 Thread 0x0000020ad88d6370  708       3       java.lang.ClassLoader::loadClass (7 bytes)

GC Heap History (0 events):
No events

Deoptimization events (20 events):
Event: 2.449 Thread 0x0000020ad881c650 DEOPT PACKING pc=0x0000020ae944e3c8 sp=0x00000038e40fba80
Event: 2.450 Thread 0x0000020ad881c650 DEOPT UNPACKING pc=0x0000020ae19c23a3 sp=0x00000038e40fba30 mode 2
Event: 2.687 Thread 0x0000020ad881c650 Uncommon trap: trap_request=0xffffff45 fr.pc=0x0000020ae9455020 relative=0x0000000000000400
Event: 2.687 Thread 0x0000020ad881c650 Uncommon trap: reason=unstable_if action=reinterpret pc=0x0000020ae9455020 method=java.lang.StringLatin1.canEncode(I)Z @ 4 c2
Event: 2.687 Thread 0x0000020ad881c650 DEOPT PACKING pc=0x0000020ae9455020 sp=0x00000038e40fd1b0
Event: 2.687 Thread 0x0000020ad881c650 DEOPT UNPACKING pc=0x0000020ae19c23a3 sp=0x00000038e40fd0d8 mode 2
Event: 2.687 Thread 0x0000020ad881c650 Uncommon trap: trap_request=0xffffff45 fr.pc=0x0000020ae9455980 relative=0x00000000000003e0
Event: 2.687 Thread 0x0000020ad881c650 Uncommon trap: reason=unstable_if action=reinterpret pc=0x0000020ae9455980 method=java.lang.AbstractStringBuilder.isLatin1()Z @ 10 c2
Event: 2.688 Thread 0x0000020ad881c650 DEOPT PACKING pc=0x0000020ae9455980 sp=0x00000038e40fd1c0
Event: 2.688 Thread 0x0000020ad881c650 DEOPT UNPACKING pc=0x0000020ae19c23a3 sp=0x00000038e40fd140 mode 2
Event: 2.688 Thread 0x0000020ad881c650 Uncommon trap: trap_request=0xffffff45 fr.pc=0x0000020ae945d8dc relative=0x000000000000005c
Event: 2.688 Thread 0x0000020ad881c650 Uncommon trap: reason=unstable_if action=reinterpret pc=0x0000020ae945d8dc method=java.lang.AbstractStringBuilder.isLatin1()Z @ 10 c2
Event: 2.688 Thread 0x0000020ad881c650 DEOPT PACKING pc=0x0000020ae945d8dc sp=0x00000038e40fd1a0
Event: 2.688 Thread 0x0000020ad881c650 DEOPT UNPACKING pc=0x0000020ae19c23a3 sp=0x00000038e40fd130 mode 2
Event: 2.727 Thread 0x0000020ad881c650 Uncommon trap: trap_request=0xffffff45 fr.pc=0x0000020ae9450c38 relative=0x0000000000000038
Event: 2.727 Thread 0x0000020ad881c650 Uncommon trap: reason=unstable_if action=reinterpret pc=0x0000020ae9450c38 method=java.lang.StringLatin1.canEncode(I)Z @ 4 c2
Event: 2.727 Thread 0x0000020ad881c650 DEOPT PACKING pc=0x0000020ae9450c38 sp=0x00000038e40fc770
Event: 2.727 Thread 0x0000020ad881c650 DEOPT UNPACKING pc=0x0000020ae19c23a3 sp=0x00000038e40fc700 mode 2
Event: 2.748 Thread 0x0000020ad881c650 DEOPT PACKING pc=0x0000020ae1f84665 sp=0x00000038e40fa400
Event: 2.748 Thread 0x0000020ad881c650 DEOPT UNPACKING pc=0x0000020ae19c2b43 sp=0x00000038e40f9850 mode 0

Classes loaded (20 events):
Event: 2.671 Loading class sun/util/resources/LocaleData$CommonResourceBundleProvider done
Event: 2.672 Loading class java/util/ArrayList$SubList$1
Event: 2.673 Loading class java/util/ArrayList$SubList$1 done
Event: 2.675 Loading class sun/text/resources/cldr/FormatData_en
Event: 2.675 Loading class sun/text/resources/cldr/FormatData_en done
Event: 2.676 Loading class sun/util/resources/Bundles$2
Event: 2.677 Loading class sun/util/resources/Bundles$2 done
Event: 2.679 Loading class java/lang/InstantiationException
Event: 2.679 Loading class java/lang/InstantiationException done
Event: 2.716 Loading class java/lang/NumberFormatException
Event: 2.716 Loading class java/lang/NumberFormatException done
Event: 2.739 Loading class java/util/EventListener
Event: 2.739 Loading class java/util/EventListener done
Event: 2.739 Loading class java/lang/InterruptedException
Event: 2.739 Loading class java/lang/InterruptedException done
Event: 2.739 Loading class java/util/concurrent/TimeoutException
Event: 2.740 Loading class java/util/concurrent/TimeoutException done
Event: 2.775 Loading class java/lang/IllegalAccessError
Event: 2.776 Loading class java/lang/IllegalAccessError done
Event: 2.791 Loading class java/util/IdentityHashMap$EntrySet

Classes unloaded (0 events):
No events

Classes redefined (0 events):
No events

Internal exceptions (5 events):
Event: 2.220 Thread 0x0000020ad881c650 Exception <a 'java/lang/NoSuchMethodError'{0x00000000c736f0f8}: 'void java.lang.invoke.DirectMethodHandle$Holder.invokeStatic(java.lang.Object, java.lang.Object, java.lang.Object)'> (0x00000000c736f0f8) 
thrown [s\open\src\hotspot\share\interpreter\linkResolver.cpp, line 759]
Event: 2.230 Thread 0x0000020ad881c650 Exception <a 'java/lang/NoSuchMethodError'{0x00000000c7387e10}: 'java.lang.Object java.lang.invoke.Invokers$Holder.invokeExact_MT(java.lang.Object, java.lang.Object, java.lang.Object, java.lang.Object, java.lang.Object)'> (0x00000000c7387e10) 
thrown [s\open\src\hotspot\share\interpreter\linkResolver.cpp, line 759]
Event: 2.277 Thread 0x0000020af9e190f0 Exception <a 'java/lang/NoSuchMethodError'{0x00000000c73d6f60}: 'void java.lang.invoke.DirectMethodHandle$Holder.invokeStatic(java.lang.Object, java.lang.Object)'> (0x00000000c73d6f60) 
thrown [s\open\src\hotspot\share\interpreter\linkResolver.cpp, line 759]
Event: 2.457 Thread 0x0000020ad881c650 Exception <a 'java/lang/ClassNotFoundException'{0x00000000c71944b8}: javax/smartcardio/CardPermission> (0x00000000c71944b8) 
thrown [s\open\src\hotspot\share\classfile\systemDictionary.cpp, line 255]
Event: 2.466 Thread 0x0000020ad881c650 Exception <a 'java/io/FileNotFoundException'{0x00000000c71a2a10}> (0x00000000c71a2a10) 
thrown [s\open\src\hotspot\share\prims\jni.cpp, line 516]

VM Operations (8 events):
Event: 1.054 Executing VM operation: HandshakeAllThreads
Event: 1.054 Executing VM operation: HandshakeAllThreads done
Event: 2.061 Executing VM operation: Cleanup
Event: 2.061 Executing VM operation: Cleanup done
Event: 2.258 Executing VM operation: HandshakeAllThreads
Event: 2.258 Executing VM operation: HandshakeAllThreads done
Event: 2.716 Executing VM operation: HandshakeAllThreads
Event: 2.717 Executing VM operation: HandshakeAllThreads done

Events (20 events):
Event: 0.102 Thread 0x0000020ad88b9130 Thread added: 0x0000020ad88b9130
Event: 0.102 Thread 0x0000020ad88ba4b0 Thread added: 0x0000020ad88ba4b0
Event: 0.135 Thread 0x0000020ad88d0330 Thread added: 0x0000020ad88d0330
Event: 0.135 Thread 0x0000020ad88d0be0 Thread added: 0x0000020ad88d0be0
Event: 0.136 Thread 0x0000020ad88d34a0 Thread added: 0x0000020ad88d34a0
Event: 0.136 Thread 0x0000020ad88d3d50 Thread added: 0x0000020ad88d3d50
Event: 0.136 Thread 0x0000020ad88d4930 Thread added: 0x0000020ad88d4930
Event: 0.138 Thread 0x0000020ad88d6370 Thread added: 0x0000020ad88d6370
Event: 0.139 Thread 0x0000020ad88da3e0 Thread added: 0x0000020ad88da3e0
Event: 1.007 Thread 0x0000020af9c1c060 Thread added: 0x0000020af9c1c060
Event: 1.102 Loaded shared library C:\Program Files\Java\jdk-18.0.2.1\bin\zip.dll
Event: 1.117 Loaded shared library C:\Program Files\Java\jdk-18.0.2.1\bin\instrument.dll
Event: 1.147 Loaded shared library C:\Program Files\Java\jdk-18.0.2.1\bin\net.dll
Event: 1.151 Loaded shared library C:\Program Files\Java\jdk-18.0.2.1\bin\nio.dll
Event: 1.166 Loaded shared library C:\Program Files\Java\jdk-18.0.2.1\bin\zip.dll
Event: 2.243 Loaded shared library C:\Program Files\JetBrains\IntelliJ IDEA Community Edition 2022.2.1\bin\breakgen64.dll
Event: 2.245 Thread 0x0000020af9e190f0 Thread added: 0x0000020af9e190f0
Event: 2.245 Thread 0x0000020af9e195b0 Thread added: 0x0000020af9e195b0
Event: 2.317 Loaded shared library C:\Program Files\Java\jdk-18.0.2.1\bin\verify.dll
Event: 2.332 Loaded shared library C:\Program Files\Java\jdk-18.0.2.1\bin\jimage.dll


Dynamic libraries:
0x00007ff640740000 - 0x00007ff640750000 	C:\Program Files\Java\jdk-18.0.2.1\bin\java.exe
0x00007ffcaaa50000 - 0x00007ffcaac48000 	C:\Windows\SYSTEM32\ntdll.dll
0x00007ffca9560000 - 0x00007ffca961d000 	C:\Windows\System32\KERNEL32.DLL
0x00007ffca86f0000 - 0x00007ffca89c2000 	C:\Windows\System32\KERNELBASE.dll
0x00007ffca8270000 - 0x00007ffca8370000 	C:\Windows\System32\ucrtbase.dll
0x00007ffc60d60000 - 0x00007ffc60d7a000 	C:\Program Files\Java\jdk-18.0.2.1\bin\VCRUNTIME140.dll
0x00007ffc63c90000 - 0x00007ffc63ca8000 	C:\Program Files\Java\jdk-18.0.2.1\bin\jli.dll
0x00007ffca8ab0000 - 0x00007ffca8b5e000 	C:\Windows\System32\ADVAPI32.dll
0x00007ffcaa840000 - 0x00007ffcaa8de000 	C:\Windows\System32\msvcrt.dll
0x00007ffca94c0000 - 0x00007ffca955c000 	C:\Windows\System32\sechost.dll
0x00007ffcaa710000 - 0x00007ffcaa835000 	C:\Windows\System32\RPCRT4.dll
0x00007ffcaa570000 - 0x00007ffcaa70d000 	C:\Windows\System32\USER32.dll
0x00007ffca83c0000 - 0x00007ffca83e2000 	C:\Windows\System32\win32u.dll
0x00007ffca9830000 - 0x00007ffca985b000 	C:\Windows\System32\GDI32.dll
0x00007ffca8160000 - 0x00007ffca826f000 	C:\Windows\System32\gdi32full.dll
0x00007ffca8550000 - 0x00007ffca85ed000 	C:\Windows\System32\msvcp_win.dll
0x00007ffc874a0000 - 0x00007ffc8773a000 	C:\Windows\WinSxS\amd64_microsoft.windows.common-controls_6595b64144ccf1df_6.0.19041.1110_none_60b5254171f9507e\COMCTL32.dll
0x00007ffc9d520000 - 0x00007ffc9d52a000 	C:\Windows\SYSTEM32\VERSION.dll
0x00007ffca9320000 - 0x00007ffca9350000 	C:\Windows\System32\IMM32.DLL
0x00007ffc8fbd0000 - 0x00007ffc8fbdc000 	C:\Program Files\Java\jdk-18.0.2.1\bin\vcruntime140_1.dll
0x00007ffc5c2d0000 - 0x00007ffc5c35d000 	C:\Program Files\Java\jdk-18.0.2.1\bin\msvcp140.dll
0x00007ffc43380000 - 0x00007ffc43f91000 	C:\Program Files\Java\jdk-18.0.2.1\bin\server\jvm.dll
0x00007ffca91f0000 - 0x00007ffca91f8000 	C:\Windows\System32\PSAPI.DLL
0x00007ffc9edd0000 - 0x00007ffc9edd9000 	C:\Windows\SYSTEM32\WSOCK32.dll
0x00007ffca92b0000 - 0x00007ffca931b000 	C:\Windows\System32\WS2_32.dll
0x00007ffca5f80000 - 0x00007ffca5fa7000 	C:\Windows\SYSTEM32\WINMM.dll
0x00007ffca6970000 - 0x00007ffca6982000 	C:\Windows\SYSTEM32\kernel.appcore.dll
0x00007ffc8fad0000 - 0x00007ffc8fada000 	C:\Program Files\Java\jdk-18.0.2.1\bin\jimage.dll
0x00007ffca5d90000 - 0x00007ffca5f74000 	C:\Windows\SYSTEM32\DBGHELP.DLL
0x00007ffc9c570000 - 0x00007ffc9c59c000 	C:\Windows\SYSTEM32\dbgcore.DLL
0x00007ffca85f0000 - 0x00007ffca8672000 	C:\Windows\System32\bcryptPrimitives.dll
0x00007ffca2790000 - 0x00007ffca279e000 	C:\Program Files\Java\jdk-18.0.2.1\bin\instrument.dll
0x00007ffc60c60000 - 0x00007ffc60c85000 	C:\Program Files\Java\jdk-18.0.2.1\bin\java.dll
0x00007ffc59350000 - 0x00007ffc59426000 	C:\Program Files\Java\jdk-18.0.2.1\bin\jsvml.dll
0x00007ffca9950000 - 0x00007ffcaa093000 	C:\Windows\System32\SHELL32.dll
0x00007ffca61c0000 - 0x00007ffca6951000 	C:\Windows\SYSTEM32\windows.storage.dll
0x00007ffcaa210000 - 0x00007ffcaa564000 	C:\Windows\System32\combase.dll
0x00007ffca7b50000 - 0x00007ffca7b80000 	C:\Windows\SYSTEM32\Wldp.dll
0x00007ffca93b0000 - 0x00007ffca945d000 	C:\Windows\System32\SHCORE.dll
0x00007ffca97d0000 - 0x00007ffca9825000 	C:\Windows\System32\shlwapi.dll
0x00007ffca80a0000 - 0x00007ffca80bf000 	C:\Windows\SYSTEM32\profapi.dll
0x00007ffc5e380000 - 0x00007ffc5e398000 	C:\Program Files\Java\jdk-18.0.2.1\bin\zip.dll
0x00007ffc5e670000 - 0x00007ffc5e683000 	C:\Program Files\Java\jdk-18.0.2.1\bin\net.dll
0x00007ffca58e0000 - 0x00007ffca59ed000 	C:\Windows\SYSTEM32\WINHTTP.dll
0x00007ffca78b0000 - 0x00007ffca791a000 	C:\Windows\system32\mswsock.dll
0x00007ffc5e580000 - 0x00007ffc5e596000 	C:\Program Files\Java\jdk-18.0.2.1\bin\nio.dll
0x00007ffc98000000 - 0x00007ffc9801a000 	C:\Program Files\JetBrains\IntelliJ IDEA Community Edition 2022.2.1\bin\breakgen64.dll
0x00007ffc8c070000 - 0x00007ffc8c080000 	C:\Program Files\Java\jdk-18.0.2.1\bin\verify.dll

dbghelp: loaded successfully - version: 4.0.5 - missing functions: none
symbol engine: initialized successfully - sym options: 0x614 - pdb path: .;C:\Program Files\Java\jdk-18.0.2.1\bin;C:\Windows\SYSTEM32;C:\Windows\WinSxS\amd64_microsoft.windows.common-controls_6595b64144ccf1df_6.0.19041.1110_none_60b5254171f9507e;C:\Program Files\Java\jdk-18.0.2.1\bin\server;C:\Program Files\JetBrains\IntelliJ IDEA Community Edition 2022.2.1\bin

VM Arguments:
jvm_args: -javaagent:C:\Program Files\JetBrains\IntelliJ IDEA Community Edition 2022.2.1\lib\idea_rt.jar=52305:C:\Program Files\JetBrains\IntelliJ IDEA Community Edition 2022.2.1\bin -Dfile.encoding=UTF-8 -Dsun.stdout.encoding=UTF-8 -Dsun.stderr.encoding=UTF-8 
java_command: com.stockMarketApi.StockMarketAplApplication
java_class_path (initial): C:\Users\DELL\Desktop\Secured backend\Cognizant project\stockMarketApl\stockMarketApl\target\classes;C:\Users\DELL\.m2\repository\org\springframework\boot\spring-boot-starter-data-jpa\2.7.3\spring-boot-starter-data-jpa-2.7.3.jar;C:\Users\DELL\.m2\repository\org\springframework\boot\spring-boot-starter-aop\2.7.3\spring-boot-starter-aop-2.7.3.jar;C:\Users\DELL\.m2\repository\org\aspectj\aspectjweaver\1.9.7\aspectjweaver-1.9.7.jar;C:\Users\DELL\.m2\repository\org\springframework\boot\spring-boot-starter-jdbc\2.7.3\spring-boot-starter-jdbc-2.7.3.jar;C:\Users\DELL\.m2\repository\com\zaxxer\HikariCP\4.0.3\HikariCP-4.0.3.jar;C:\Users\DELL\.m2\repository\org\springframework\spring-jdbc\5.3.22\spring-jdbc-5.3.22.jar;C:\Users\DELL\.m2\repository\jakarta\transaction\jakarta.transaction-api\1.3.3\jakarta.transaction-api-1.3.3.jar;C:\Users\DELL\.m2\repository\jakarta\persistence\jakarta.persistence-api\2.2.3\jakarta.persistence-api-2.2.3.jar;C:\Users\DELL\.m2\repository\org\hibernate\hibernate-core\5.6.10.Final\hibernate-core-5.6.10.Final.jar;C:\Users\DELL\.m2\repository\org\jboss\logging\jboss-logging\3.4.3.Final\jboss-logging-3.4.3.Final.jar;C:\Users\DELL\.m2\repository\net\bytebuddy\byte-buddy\1.12.13\byte-buddy-1.12.13.jar;C:\Users\DELL\.m2\repository\antlr\antlr\2.7.7\antlr-2.7.7.jar;C:\Users\DELL\.m2\repository\org\jboss\jandex\2.4.2.Final\jandex-2.4.2.Final.jar;C:\Users\DELL\.m2\repository\com\fasterxml\classmate\1.5.1\classmate-1.5.1.jar;C:\Users\DELL\.m2\repository\org\hibernate\common\hibernate-commons-annotations\5.1.2.Final\hibernate-commons-annotations-5.1.2.Final.jar;C:\Users\DELL\.m2\repository\org\glassfish\jaxb\jaxb-runtime\2.3.6\jaxb-runtime-2.3.6.jar;C:\Users\DELL\.m2\repository\org\glassfish\jaxb\txw2\2.3.6\txw2-2.3.6.jar;C:\Users\DELL\.m2\repository\com\sun\istack\istack-commons-runtime\3.0.12\istack-commons-runtime-3.0.12.jar;C:\Users\DELL\.m2\repository\com\sun\activation\jakarta.activation\1.2.2\jakarta.activation-1.2.2.jar;C:\Users\DELL\.m2\repository\org\springframework\data\spring-data-jpa\2.7.2\spring-data-jpa-2.7.2.jar;C:\Users\DELL\.m2\repository\org\springframework\data\spring-data-commons\2.7.2\spring-data-commons-2.7.2.jar;C:\Users\DELL\.m2\repository\org\springframework\spring-orm\5.3.22\spring-orm-5.3.22.jar;C:\Users\DELL\.m2\repository\org\springframework\spring-beans\5.3.22\spring-beans-5.3.22.jar;C:\Users\DELL\.m2\repository\org\slf4j\slf4j-api\1.7.36\slf4j-api-1.7.36.jar;C:\Users\DELL\.m2\repository\org\springframework\spring-aspects\5.3.22\spring-aspects-5.3.22.jar;C:\Users\DELL\.m2\repository\org\springframework\boot\spring-boot-starter-web\2.7.3\spring-boot-starter-web-2.7.3.jar;C:\Users\DELL\.m2\repository\org\springframework\boot\spring-boot-starter\2.7.3\spring-boot-starter-2.7.3.jar;C:\Users\DELL\.m2\repository\org\springframework\boot\spring-boot\2.7.3\spring-boot-2.7.3.jar;C:\Users\DELL\.m2\repository\org\springframework\boot\spring-boot-autoconfigure\2.7.3\spring-boot-autoconfigure-2.7.3.jar;C:\Users\DELL\.m2\repository\org\springframework\boot\spring-boot-starter-logging\2.7.3\spring-boot-starter-logging-2.7.3.jar;C:\Users\DELL\.m2\repository\ch\qos\logback\logback-classic\1.2.11\logback-classic-1.2.11.jar;C:\Users\DELL\.m2\repository\ch\qos\logback\logback-core\1.2.11\logback-core-1.2.11.jar;C:\Users\DELL\.m2\repository\org\apache\logging\log4j\log4j-to-slf4j\2.17.2\log4j-to-slf4j-2.17.2.jar;C:\Users\DELL\.m2\repository\org\apache\logging\log4j\log4j-api\2.17.2\log4j-api-2.17.2.jar;C:\Users\DELL\.m2\repository\org\slf4j\jul-to-slf4j\1.7.36\jul-to-slf4j-1.7.36.jar;C:\Users\DELL\.m2\repository\jakarta\annotation\jakarta.annotation-api\1.3.5\jakarta.annotation-api-1.3.5.jar;C:\Users\DELL\.m2\repository\org\yaml\snakeyaml\1.30\snakeyaml-1.30.jar;C:\Users\DELL\.m2\repository\org\springframework\boot\spring-boot-starter-json\2.7.3\spring-boot-starter-json-2.7.3.jar;C:\Users\DELL\.m2\repository\com\fasterxml\jackson\datatype\jackson-datatype-jdk8\2.13.3\jackson-datatype-jdk8-2.13.3.jar;C:\Users\DELL\.m2\repository\com\fasterxml\jackson\datatype\jackson-datatype-jsr310\2.13.3\jackson-datatype-jsr310-2.13.3.jar;C:\Users\DELL\.m2\repository\com\fasterxml\jackson\module\jackson-module-parameter-names\2.13.3\jackson-module-parameter-names-2.13.3.jar;C:\Users\DELL\.m2\repository\org\springframework\boot\spring-boot-starter-tomcat\2.7.3\spring-boot-starter-tomcat-2.7.3.jar;C:\Users\DELL\.m2\repository\org\apache\tomcat\embed\tomcat-embed-core\9.0.65\tomcat-embed-core-9.0.65.jar;C:\Users\DELL\.m2\repository\org\apache\tomcat\embed\tomcat-embed-el\9.0.65\tomcat-embed-el-9.0.65.jar;C:\Users\DELL\.m2\repository\org\apache\tomcat\embed\tomcat-embed-websocket\9.0.65\tomcat-embed-websocket-9.0.65.jar;C:\Users\DELL\.m2\repository\org\springframework\spring-web\5.3.22\spring-web-5.3.22.jar;C:\Users\DELL\.m2\repository\org\springframework\spring-webmvc\5.3.22\spring-webmvc-5.3.22.jar;C:\Users\DELL\.m2\repository\org\springframework\spring-expression\5.3.22\spring-expression-5.3.22.jar;C:\Users\DELL\.m2\repository\com\h2database\h2\2.1.214\h2-2.1.214.jar;C:\Users\DELL\.m2\repository\org\springframework\kafka\spring-kafka\2.8.8\spring-kafka-2.8.8.jar;C:\Users\DELL\.m2\repository\org\springframework\spring-context\5.3.22\spring-context-5.3.22.jar;C:\Users\DELL\.m2\repository\org\springframework\spring-messaging\5.3.22\spring-messaging-5.3.22.jar;C:\Users\DELL\.m2\repository\org\springframework\spring-tx\5.3.22\spring-tx-5.3.22.jar;C:\Users\DELL\.m2\repository\org\springframework\retry\spring-retry\1.3.3\spring-retry-1.3.3.jar;C:\Users\DELL\.m2\repository\org\apache\kafka\kafka-clients\3.1.1\kafka-clients-3.1.1.jar;C:\Users\DELL\.m2\repository\com\github\luben\zstd-jni\1.5.0-4\zstd-jni-1.5.0-4.jar;C:\Users\DELL\.m2\repository\org\lz4\lz4-java\1.8.0\lz4-java-1.8.0.jar;C:\Users\DELL\.m2\repository\org\xerial\snappy\snappy-java\1.1.8.4\snappy-java-1.1.8.4.jar;C:\Users\DELL\.m2\repository\com\google\code\findbugs\jsr305\3.0.2\jsr305-3.0.2.jar;C:\Users\DELL\.m2\repository\org\springframework\boot\spring-boot-starter-security\2.7.3\spring-boot-starter-security-2.7.3.jar;C:\Users\DELL\.m2\repository\org\springframework\spring-aop\5.3.22\spring-aop-5.3.22.jar;C:\Users\DELL\.m2\repository\org\springframework\security\spring-security-config\5.7.3\spring-security-config-5.7.3.jar;C:\Users\DELL\.m2\repository\org\springframework\security\spring-security-core\5.7.3\spring-security-core-5.7.3.jar;C:\Users\DELL\.m2\repository\org\springframework\security\spring-security-crypto\5.7.3\spring-security-crypto-5.7.3.jar;C:\Users\DELL\.m2\repository\org\springframework\security\spring-security-web\5.7.3\spring-security-web-5.7.3.jar;C:\Users\DELL\.m2\repository\org\springframework\boot\spring-boot-starter-actuator\2.7.3\spring-boot-starter-actuator-2.7.3.jar;C:\Users\DELL\.m2\repository\org\springframework\boot\spring-boot-actuator-autoconfigure\2.7.3\spring-boot-actuator-autoconfigure-2.7.3.jar;C:\Users\DELL\.m2\repository\org\springframework\boot\spring-boot-actuator\2.7.3\spring-boot-actuator-2.7.3.jar;C:\Users\DELL\.m2\repository\io\micrometer\micrometer-core\1.9.3\micrometer-core-1.9.3.jar;C:\Users\DELL\.m2\repository\org\hdrhistogram\HdrHistogram\2.1.12\HdrHistogram-2.1.12.jar;C:\Users\DELL\.m2\repository\org\latencyutils\LatencyUtils\2.0.3\LatencyUtils-2.0.3.jar;C:\Users\DELL\.m2\repository\io\micrometer\micrometer-registry-prometheus\1.9.3\micrometer-registry-prometheus-1.9.3.jar;C:\Users\DELL\.m2\repository\io\prometheus\simpleclient_common\0.15.0\simpleclient_common-0.15.0.jar;C:\Users\DELL\.m2\repository\io\prometheus\simpleclient\0.15.0\simpleclient-0.15.0.jar;C:\Users\DELL\.m2\repository\io\prometheus\simpleclient_tracer_otel\0.15.0\simpleclient_tracer_otel-0.15.0.jar;C:\Users\DELL\.m2\repository\io\prometheus\simpleclient_tracer_common\0.15.0\simpleclient_tracer_common-0.15.0.jar;C:\Users\DELL\.m2\repository\io\prometheus\simpleclient_tracer_otel_agent\0.15.0\simpleclient_tracer_otel_agent-0.15.0.jar;C:\Users\DELL\.m2\repository\mysql\mysql-connector-java\8.0.30\mysql-connector-java-8.0.30.jar;C:\Users\DELL\.m2\repository\org\projectlombok\lombok\1.18.24\lombok-1.18.24.jar;C:\Users\DELL\.m2\repository\jakarta\xml\bind\jakarta.xml.bind-api\2.3.3\jakarta.xml.bind-api-2.3.3.jar;C:\Users\DELL\.m2\repository\jakarta\activation\jakarta.activation-api\1.2.2\jakarta.activation-api-1.2.2.jar;C:\Users\DELL\.m2\repository\org\springframework\spring-core\5.3.22\spring-core-5.3.22.jar;C:\Users\DELL\.m2\repository\org\springframework\spring-jcl\5.3.22\spring-jcl-5.3.22.jar;C:\Users\DELL\.m2\repository\io\jsonwebtoken\jjwt\0.9.1\jjwt-0.9.1.jar;C:\Users\DELL\.m2\repository\com\fasterxml\jackson\core\jackson-databind\2.13.3\jackson-databind-2.13.3.jar;C:\Users\DELL\.m2\repository\com\fasterxml\jackson\core\jackson-annotations\2.13.3\jackson-annotations-2.13.3.jar;C:\Users\DELL\.m2\repository\com\fasterxml\jackson\core\jackson-core\2.13.3\jackson-core-2.13.3.jar
Launcher Type: SUN_STANDARD

[Global flags]
     intx CICompilerCount                          = 3                                         {product} {ergonomic}
     uint ConcGCThreads                            = 1                                         {product} {ergonomic}
     uint G1ConcRefinementThreads                  = 4                                         {product} {ergonomic}
   size_t G1HeapRegionSize                         = 1048576                                   {product} {ergonomic}
    uintx GCDrainStackTargetSize                   = 64                                        {product} {ergonomic}
   size_t InitialHeapSize                          = 65011712                                  {product} {ergonomic}
   size_t MarkStackSize                            = 4194304                                   {product} {ergonomic}
   size_t MaxHeapSize                              = 1010827264                                {product} {ergonomic}
   size_t MaxNewSize                               = 606076928                                 {product} {ergonomic}
   size_t MinHeapDeltaBytes                        = 1048576                                   {product} {ergonomic}
   size_t MinHeapSize                              = 8388608                                   {product} {ergonomic}
    uintx NonNMethodCodeHeapSize                   = 5832780                                {pd product} {ergonomic}
    uintx NonProfiledCodeHeapSize                  = 122912730                              {pd product} {ergonomic}
    uintx ProfiledCodeHeapSize                     = 122912730                              {pd product} {ergonomic}
    uintx ReservedCodeCacheSize                    = 251658240                              {pd product} {ergonomic}
     bool SegmentedCodeCache                       = true                                      {product} {ergonomic}
   size_t SoftMaxHeapSize                          = 1010827264                             {manageable} {ergonomic}
     bool UseCompressedClassPointers               = true                           {product lp64_product} {ergonomic}
     bool UseCompressedOops                        = true                           {product lp64_product} {ergonomic}
     bool UseG1GC                                  = true                                      {product} {ergonomic}
     bool UseLargePagesIndividualAllocation        = false                                  {pd product} {ergonomic}

Logging:
Log output configuration:
 #0: stdout all=warning uptime,level,tags foldmultilines=false
 #1: stderr all=off uptime,level,tags foldmultilines=false

Environment Variables:
PATH=C:\Program Files\Common Files\Oracle\Java\javapath;C:\Windows\system32;C:\Windows;C:\Windows\System32\Wbem;C:\Windows\System32\WindowsPowerShell\v1.0\;C:\Windows\System32\OpenSSH\;C:\Program Files\nodejs\;C:\Program Files\dotnet\;C:\Program Files\Docker\Docker\resources\bin;C:\ProgramData\DockerDesktop\version-bin;C:\Program Files\MySQL\MySQL Shell 8.0\bin\;C:\Users\DELL\AppData\Local\Microsoft\WindowsApps;C:\Users\DELL\AppData\Local\Programs\Microsoft VS Code\bin;C:\Program Files\JetBrains\IntelliJ IDEA Community Edition 2022.2.1\bin;;C:\Users\DELL\AppData\Roaming\npm;C:\Program Files\nodejs\node_modules\npm\bin;
USERNAME=DELL
OS=Windows_NT
PROCESSOR_IDENTIFIER=Intel64 Family 6 Model 142 Stepping 11, GenuineIntel



---------------  S Y S T E M  ---------------

OS:
 Windows 10 , 64 bit Build 19041 (10.0.19041.1889)
OS uptime: 6 days 19:24 hours
Hyper-V role detected

CPU: total 4 (initial active 4) (2 cores per cpu, 2 threads per core) family 6 model 142 stepping 11 microcode 0xec, cx8, cmov, fxsr, ht, mmx, 3dnowpref, sse, sse2, sse3, ssse3, sse4.1, sse4.2, popcnt, lzcnt, tsc, tscinvbit, avx, avx2, aes, erms, clmul, bmi1, bmi2, adx, fma, vzeroupper, clflush, clflushopt, hv

Memory: 4k page, system-wide physical 3849M (16M free)
TotalPageFile size 15625M (AvailPageFile size 2M)
current process WorkingSet (physical memory assigned to process): 50M, peak: 50M
current process commit charge ("private bytes"): 140M, peak: 140M

vm_info: Java HotSpot(TM) 64-Bit Server VM (18.0.2.1+1-1) for windows-amd64 JRE (18.0.2.1+1-1), built on Aug 16 2022 01:46:33 by "mach5one" with MS VC++ 16.8 / 16.9 (VS2019)

END.
